{"contracts/compliance/DefaultCompliance.sol":{"l":{"43":0,"50":0,"57":0,"58":0,"59":0,"66":0,"67":0,"68":0,"75":0,"76":0,"77":0,"84":0,"85":0,"86":0,"97":0,"123":0},"path":"/home/mayank/security-token-3/T-REX/contracts/compliance/DefaultCompliance.sol","s":{"1":0,"2":0,"3":0,"4":0,"5":0,"6":0,"7":0,"8":0,"9":0,"10":0,"11":0,"12":0,"13":0,"14":0,"15":0,"16":0},"b":{"1":[0,0],"2":[0,0],"3":[0,0],"4":[0,0]},"f":{"1":0,"2":0,"3":0,"4":0,"5":0,"6":0,"7":0,"8":0,"9":0,"10":0,"11":0},"fnMap":{"1":{"name":"isTokenAgent","line":42,"loc":{"start":{"line":42,"column":4},"end":{"line":44,"column":4}}},"2":{"name":"isTokenBound","line":49,"loc":{"start":{"line":49,"column":4},"end":{"line":51,"column":4}}},"3":{"name":"addTokenAgent","line":56,"loc":{"start":{"line":56,"column":4},"end":{"line":60,"column":4}}},"4":{"name":"removeTokenAgent","line":65,"loc":{"start":{"line":65,"column":4},"end":{"line":69,"column":4}}},"5":{"name":"bindToken","line":74,"loc":{"start":{"line":74,"column":4},"end":{"line":78,"column":4}}},"6":{"name":"unbindToken","line":83,"loc":{"start":{"line":83,"column":4},"end":{"line":87,"column":4}}},"7":{"name":"canTransfer","line":92,"loc":{"start":{"line":92,"column":4},"end":{"line":98,"column":4}}},"8":{"name":"transferred","line":103,"loc":{"start":{"line":103,"column":4},"end":{"line":107,"column":25}}},"9":{"name":"created","line":112,"loc":{"start":{"line":112,"column":4},"end":{"line":112,"column":81}}},"10":{"name":"destroyed","line":117,"loc":{"start":{"line":117,"column":4},"end":{"line":117,"column":85}}},"11":{"name":"transferOwnershipOnComplianceContract","line":122,"loc":{"start":{"line":122,"column":4},"end":{"line":124,"column":4}}}},"statementMap":{"1":{"start":{"line":43,"column":8},"end":{"line":43,"column":48}},"2":{"start":{"line":50,"column":8},"end":{"line":50,"column":37}},"3":{"start":{"line":57,"column":8},"end":{"line":57,"column":84}},"4":{"start":{"line":58,"column":8},"end":{"line":58,"column":45}},"5":{"start":{"line":59,"column":8},"end":{"line":59,"column":43}},"6":{"start":{"line":66,"column":8},"end":{"line":66,"column":83}},"7":{"start":{"line":67,"column":8},"end":{"line":67,"column":46}},"8":{"start":{"line":68,"column":8},"end":{"line":68,"column":45}},"9":{"start":{"line":75,"column":8},"end":{"line":75,"column":68}},"10":{"start":{"line":76,"column":8},"end":{"line":76,"column":34}},"11":{"start":{"line":77,"column":8},"end":{"line":77,"column":31}},"12":{"start":{"line":84,"column":8},"end":{"line":84,"column":67}},"13":{"start":{"line":85,"column":8},"end":{"line":85,"column":35}},"14":{"start":{"line":86,"column":8},"end":{"line":86,"column":33}},"15":{"start":{"line":97,"column":8},"end":{"line":97,"column":19}},"16":{"start":{"line":123,"column":8},"end":{"line":123,"column":34}}},"branchMap":{"1":{"line":57,"type":"if","locations":[{"start":{"line":57,"column":8},"end":{"line":57,"column":8}},{"start":{"line":57,"column":8},"end":{"line":57,"column":8}}]},"2":{"line":66,"type":"if","locations":[{"start":{"line":66,"column":8},"end":{"line":66,"column":8}},{"start":{"line":66,"column":8},"end":{"line":66,"column":8}}]},"3":{"line":75,"type":"if","locations":[{"start":{"line":75,"column":8},"end":{"line":75,"column":8}},{"start":{"line":75,"column":8},"end":{"line":75,"column":8}}]},"4":{"line":84,"type":"if","locations":[{"start":{"line":84,"column":8},"end":{"line":84,"column":8}},{"start":{"line":84,"column":8},"end":{"line":84,"column":8}}]}}},"contracts/compliance/ICompliance.sol":{"l":{},"path":"/home/mayank/security-token-3/T-REX/contracts/compliance/ICompliance.sol","s":{},"b":{},"f":{},"fnMap":{},"statementMap":{},"branchMap":{}},"contracts/compliance/LimitHolder.sol":{"l":{"65":0,"66":0,"83":0,"84":0,"85":0,"86":0,"93":0,"100":0,"107":0,"108":0,"109":0,"116":0,"117":0,"118":0,"125":0,"126":0,"127":0,"134":0,"135":0,"136":0,"143":0,"153":0,"154":0,"161":0,"168":0,"179":0,"180":0,"189":0,"190":0,"191":0,"192":0,"193":0,"205":0,"206":0,"207":0,"208":0,"210":0,"211":0,"212":0,"213":0,"214":0,"215":0,"216":0,"217":0,"218":0,"226":0,"239":0,"240":0,"242":0,"243":0,"245":0,"257":0,"258":0,"266":0,"267":0,"275":0,"282":0},"path":"/home/mayank/security-token-3/T-REX/contracts/compliance/LimitHolder.sol","s":{"1":0,"2":0,"3":0,"4":0,"5":0,"6":0,"7":0,"8":0,"9":0,"10":0,"11":0,"12":0,"13":0,"14":0,"15":0,"16":0,"17":0,"18":0,"19":0,"20":0,"21":0,"22":0,"23":0,"24":0,"25":0,"26":0,"27":0,"28":0,"29":0,"30":0,"31":0,"32":0,"33":0,"34":0,"35":0,"36":0,"37":0,"38":0,"39":0,"40":0,"41":0,"42":0,"43":0,"44":0,"45":0,"46":0,"47":0,"48":0,"49":0,"50":0,"51":0,"52":0,"53":0,"54":0},"b":{"1":[0,0],"2":[0,0],"3":[0,0],"4":[0,0],"5":[0,0],"6":[0,0],"7":[0,0],"8":[0,0],"9":[0,0],"10":[0,0],"11":[0,0],"12":[0,0]},"f":{"1":0,"2":0,"3":0,"4":0,"5":0,"6":0,"7":0,"8":0,"9":0,"10":0,"11":0,"12":0,"13":0,"14":0,"15":0,"16":0,"17":0,"18":0,"19":0,"20":0,"21":0},"fnMap":{"1":{"name":"onlyToken","line":64,"loc":{"start":{"line":64,"column":4},"end":{"line":67,"column":4}}},"2":{"name":"constructor","line":82,"loc":{"start":{"line":82,"column":4},"end":{"line":87,"column":4}}},"3":{"name":"isTokenAgent","line":92,"loc":{"start":{"line":92,"column":4},"end":{"line":94,"column":4}}},"4":{"name":"isTokenBound","line":99,"loc":{"start":{"line":99,"column":4},"end":{"line":101,"column":4}}},"5":{"name":"addTokenAgent","line":106,"loc":{"start":{"line":106,"column":4},"end":{"line":110,"column":4}}},"6":{"name":"removeTokenAgent","line":115,"loc":{"start":{"line":115,"column":4},"end":{"line":119,"column":4}}},"7":{"name":"bindToken","line":124,"loc":{"start":{"line":124,"column":4},"end":{"line":128,"column":4}}},"8":{"name":"unbindToken","line":133,"loc":{"start":{"line":133,"column":4},"end":{"line":137,"column":4}}},"9":{"name":"isToken","line":142,"loc":{"start":{"line":142,"column":4},"end":{"line":144,"column":4}}},"10":{"name":"setHolderLimit","line":152,"loc":{"start":{"line":152,"column":4},"end":{"line":155,"column":4}}},"11":{"name":"getHolderLimit","line":160,"loc":{"start":{"line":160,"column":4},"end":{"line":162,"column":4}}},"12":{"name":"holderCount","line":167,"loc":{"start":{"line":167,"column":4},"end":{"line":169,"column":4}}},"13":{"name":"holderAt","line":178,"loc":{"start":{"line":178,"column":4},"end":{"line":181,"column":4}}},"14":{"name":"updateShareholders","line":188,"loc":{"start":{"line":188,"column":4},"end":{"line":195,"column":4}}},"15":{"name":"pruneShareholders","line":204,"loc":{"start":{"line":204,"column":4},"end":{"line":219,"column":4}}},"16":{"name":"getShareholderCountByCountry","line":225,"loc":{"start":{"line":225,"column":4},"end":{"line":227,"column":4}}},"17":{"name":"canTransfer","line":234,"loc":{"start":{"line":234,"column":4},"end":{"line":246,"column":4}}},"18":{"name":"transferred","line":256,"loc":{"start":{"line":252,"column":4},"end":{"line":259,"column":4}}},"19":{"name":"created","line":265,"loc":{"start":{"line":265,"column":4},"end":{"line":268,"column":4}}},"20":{"name":"destroyed","line":274,"loc":{"start":{"line":274,"column":4},"end":{"line":276,"column":4}}},"21":{"name":"transferOwnershipOnComplianceContract","line":281,"loc":{"start":{"line":281,"column":4},"end":{"line":283,"column":4}}}},"statementMap":{"1":{"start":{"line":65,"column":8},"end":{"line":65,"column":97}},"2":{"start":{"line":83,"column":8},"end":{"line":83,"column":29}},"3":{"start":{"line":84,"column":8},"end":{"line":84,"column":33}},"4":{"start":{"line":85,"column":8},"end":{"line":85,"column":50}},"5":{"start":{"line":86,"column":8},"end":{"line":86,"column":41}},"6":{"start":{"line":93,"column":8},"end":{"line":93,"column":48}},"7":{"start":{"line":100,"column":8},"end":{"line":100,"column":37}},"8":{"start":{"line":107,"column":8},"end":{"line":107,"column":84}},"9":{"start":{"line":108,"column":8},"end":{"line":108,"column":45}},"10":{"start":{"line":109,"column":8},"end":{"line":109,"column":43}},"11":{"start":{"line":116,"column":8},"end":{"line":116,"column":83}},"12":{"start":{"line":117,"column":8},"end":{"line":117,"column":46}},"13":{"start":{"line":118,"column":8},"end":{"line":118,"column":45}},"14":{"start":{"line":125,"column":8},"end":{"line":125,"column":68}},"15":{"start":{"line":126,"column":8},"end":{"line":126,"column":34}},"16":{"start":{"line":127,"column":8},"end":{"line":127,"column":31}},"17":{"start":{"line":134,"column":8},"end":{"line":134,"column":67}},"18":{"start":{"line":135,"column":8},"end":{"line":135,"column":35}},"19":{"start":{"line":136,"column":8},"end":{"line":136,"column":33}},"20":{"start":{"line":143,"column":8},"end":{"line":143,"column":39}},"21":{"start":{"line":153,"column":8},"end":{"line":153,"column":33}},"22":{"start":{"line":154,"column":8},"end":{"line":154,"column":41}},"23":{"start":{"line":161,"column":8},"end":{"line":161,"column":26}},"24":{"start":{"line":168,"column":8},"end":{"line":168,"column":34}},"25":{"start":{"line":179,"column":8},"end":{"line":179,"column":73}},"26":{"start":{"line":180,"column":8},"end":{"line":180,"column":34}},"27":{"start":{"line":189,"column":8},"end":{"line":189,"column":6667}},"28":{"start":{"line":190,"column":12},"end":{"line":190,"column":34}},"29":{"start":{"line":191,"column":12},"end":{"line":191,"column":52}},"30":{"start":{"line":192,"column":12},"end":{"line":192,"column":67}},"31":{"start":{"line":205,"column":8},"end":{"line":205,"column":70}},"32":{"start":{"line":206,"column":8},"end":{"line":206,"column":47}},"33":{"start":{"line":207,"column":8},"end":{"line":207,"column":7467}},"34":{"start":{"line":208,"column":12},"end":{"line":208,"column":18}},"35":{"start":{"line":210,"column":8},"end":{"line":210,"column":53}},"36":{"start":{"line":211,"column":8},"end":{"line":211,"column":51}},"37":{"start":{"line":212,"column":8},"end":{"line":212,"column":52}},"38":{"start":{"line":213,"column":8},"end":{"line":213,"column":45}},"39":{"start":{"line":214,"column":8},"end":{"line":214,"column":54}},"40":{"start":{"line":215,"column":8},"end":{"line":215,"column":25}},"41":{"start":{"line":216,"column":8},"end":{"line":216,"column":30}},"42":{"start":{"line":217,"column":8},"end":{"line":217,"column":63}},"43":{"start":{"line":226,"column":8},"end":{"line":226,"column":41}},"44":{"start":{"line":239,"column":8},"end":{"line":239,"column":8580}},"45":{"start":{"line":240,"column":12},"end":{"line":240,"column":23}},"46":{"start":{"line":242,"column":8},"end":{"line":242,"column":8654}},"47":{"start":{"line":243,"column":12},"end":{"line":243,"column":23}},"48":{"start":{"line":245,"column":8},"end":{"line":245,"column":20}},"49":{"start":{"line":257,"column":8},"end":{"line":257,"column":30}},"50":{"start":{"line":258,"column":8},"end":{"line":258,"column":31}},"51":{"start":{"line":266,"column":8},"end":{"line":266,"column":46}},"52":{"start":{"line":267,"column":8},"end":{"line":267,"column":30}},"53":{"start":{"line":275,"column":8},"end":{"line":275,"column":31}},"54":{"start":{"line":282,"column":8},"end":{"line":282,"column":34}}},"branchMap":{"1":{"line":65,"type":"if","locations":[{"start":{"line":65,"column":8},"end":{"line":65,"column":8}},{"start":{"line":65,"column":8},"end":{"line":65,"column":8}}]},"2":{"line":107,"type":"if","locations":[{"start":{"line":107,"column":8},"end":{"line":107,"column":8}},{"start":{"line":107,"column":8},"end":{"line":107,"column":8}}]},"3":{"line":116,"type":"if","locations":[{"start":{"line":116,"column":8},"end":{"line":116,"column":8}},{"start":{"line":116,"column":8},"end":{"line":116,"column":8}}]},"4":{"line":125,"type":"if","locations":[{"start":{"line":125,"column":8},"end":{"line":125,"column":8}},{"start":{"line":125,"column":8},"end":{"line":125,"column":8}}]},"5":{"line":134,"type":"if","locations":[{"start":{"line":134,"column":8},"end":{"line":134,"column":8}},{"start":{"line":134,"column":8},"end":{"line":134,"column":8}}]},"6":{"line":179,"type":"if","locations":[{"start":{"line":179,"column":8},"end":{"line":179,"column":8}},{"start":{"line":179,"column":8},"end":{"line":179,"column":8}}]},"7":{"line":189,"type":"if","locations":[{"start":{"line":189,"column":8},"end":{"line":189,"column":8}},{"start":{"line":189,"column":8},"end":{"line":189,"column":8}}]},"8":{"line":205,"type":"if","locations":[{"start":{"line":205,"column":8},"end":{"line":205,"column":8}},{"start":{"line":205,"column":8},"end":{"line":205,"column":8}}]},"9":{"line":207,"type":"if","locations":[{"start":{"line":207,"column":8},"end":{"line":207,"column":8}},{"start":{"line":207,"column":8},"end":{"line":207,"column":8}}]},"10":{"line":239,"type":"if","locations":[{"start":{"line":239,"column":8},"end":{"line":239,"column":8}},{"start":{"line":239,"column":8},"end":{"line":239,"column":8}}]},"11":{"line":242,"type":"if","locations":[{"start":{"line":242,"column":8},"end":{"line":242,"column":8}},{"start":{"line":242,"column":8},"end":{"line":242,"column":8}}]},"12":{"line":266,"type":"if","locations":[{"start":{"line":266,"column":8},"end":{"line":266,"column":8}},{"start":{"line":266,"column":8},"end":{"line":266,"column":8}}]}}},"contracts/DVD/DVDTransferManager.sol":{"l":{"93":0,"104":0,"105":0,"116":0,"117":0,"118":0,"120":0,"123":0,"135":0,"136":0,"138":0,"149":0,"150":0,"152":0,"175":0,"176":0,"198":0,"199":0,"200":0,"201":0,"202":0,"204":0,"205":0,"207":0,"208":0,"209":0,"210":0,"211":0,"212":0,"213":0,"214":0,"215":0,"216":0,"217":0,"218":0,"219":0,"220":0,"221":0,"222":0,"223":0,"224":0,"242":0,"243":0,"244":0,"245":0,"246":0,"247":0,"248":0,"249":0,"250":0,"251":0,"252":0,"253":0,"254":0,"255":0,"256":0,"257":0,"258":0,"279":0,"280":0,"281":0,"282":0,"283":0,"284":0,"285":0,"286":0,"287":0,"288":0,"289":0,"290":0,"292":0,"293":0,"295":0,"296":0,"297":0,"299":0,"300":0,"302":0,"303":0,"304":0,"316":0,"317":0,"318":0,"319":0,"320":0,"321":0,"322":0,"332":0,"333":0,"334":0,"335":0,"336":0,"337":0,"338":0,"339":0,"340":0,"341":0,"342":0,"343":0,"344":0,"345":0,"348":0,"349":0,"350":0,"351":0,"352":0},"path":"/home/mayank/security-token-3/T-REX/contracts/DVD/DVDTransferManager.sol","s":{"1":0,"2":0,"3":0,"4":0,"5":0,"6":0,"7":0,"8":0,"9":0,"10":0,"11":0,"12":0,"13":0,"14":0,"15":0,"16":0,"17":0,"18":0,"19":0,"20":0,"21":0,"22":0,"23":0,"24":0,"25":0,"26":0,"27":0,"28":0,"29":0,"30":0,"31":0,"32":0,"33":0,"34":0,"35":0,"36":0,"37":0,"38":0,"39":0,"40":0,"41":0,"42":0,"43":0,"44":0,"45":0,"46":0,"47":0,"48":0,"49":0,"50":0,"51":0,"52":0,"53":0,"54":0,"55":0,"56":0,"57":0,"58":0,"59":0,"60":0,"61":0,"62":0,"63":0,"64":0,"65":0,"66":0,"67":0,"68":0,"69":0,"70":0,"71":0,"72":0,"73":0,"74":0,"75":0,"76":0,"77":0,"78":0,"79":0,"80":0,"81":0,"82":0,"83":0,"84":0,"85":0,"86":0,"87":0,"88":0,"89":0,"90":0,"91":0,"92":0,"93":0,"94":0,"95":0,"96":0,"97":0,"98":0,"99":0,"100":0,"101":0},"b":{"1":[0,0],"2":[0,0],"3":[0,0],"4":[0,0],"5":[0,0],"6":[0,0],"7":[0,0],"8":[0,0],"9":[0,0],"10":[0,0],"11":[0,0],"12":[0,0],"13":[0,0],"14":[0,0],"15":[0,0],"16":[0,0],"17":[0,0],"18":[0,0],"19":[0,0],"20":[0,0],"21":[0,0],"22":[0,0],"23":[0,0],"24":[0,0],"25":[0,0],"26":[0,0]},"f":{"1":0,"2":0,"3":0,"4":0,"5":0,"6":0,"7":0,"8":0,"9":0,"10":0,"11":0},"fnMap":{"1":{"name":"constructor","line":92,"loc":{"start":{"line":92,"column":4},"end":{"line":94,"column":4}}},"2":{"name":"calculateParity","line":103,"loc":{"start":{"line":103,"column":4},"end":{"line":106,"column":4}}},"3":{"name":"isTREX","line":115,"loc":{"start":{"line":115,"column":4},"end":{"line":125,"column":4}}},"4":{"name":"isTREXAgent","line":134,"loc":{"start":{"line":134,"column":4},"end":{"line":139,"column":4}}},"5":{"name":"isTREXOwner","line":148,"loc":{"start":{"line":148,"column":4},"end":{"line":153,"column":4}}},"6":{"name":"calculateTransferID","line":166,"loc":{"start":{"line":166,"column":4},"end":{"line":177,"column":4}}},"7":{"name":"modifyFee","line":197,"loc":{"start":{"line":197,"column":4},"end":{"line":225,"column":4}}},"8":{"name":"initiateDVDTransfer","line":241,"loc":{"start":{"line":241,"column":4},"end":{"line":259,"column":4}}},"9":{"name":"takeDVDTransfer","line":278,"loc":{"start":{"line":278,"column":4},"end":{"line":305,"column":4}}},"10":{"name":"cancelDVDTransfer","line":315,"loc":{"start":{"line":315,"column":4},"end":{"line":323,"column":4}}},"11":{"name":"calculateFee","line":331,"loc":{"start":{"line":331,"column":4},"end":{"line":354,"column":4}}}},"statementMap":{"1":{"start":{"line":93,"column":8},"end":{"line":93,"column":18}},"2":{"start":{"line":104,"column":8},"end":{"line":104,"column":64}},"3":{"start":{"line":105,"column":8},"end":{"line":105,"column":21}},"4":{"start":{"line":116,"column":8},"end":{"line":116,"column":4303}},"5":{"start":{"line":117,"column":12},"end":{"line":117,"column":4391}},"6":{"start":{"line":118,"column":16},"end":{"line":118,"column":27}},"7":{"start":{"line":120,"column":8},"end":{"line":120,"column":20}},"8":{"start":{"line":123,"column":12},"end":{"line":123,"column":24}},"9":{"start":{"line":135,"column":4},"end":{"line":135,"column":4987}},"10":{"start":{"line":136,"column":8},"end":{"line":136,"column":47}},"11":{"start":{"line":138,"column":8},"end":{"line":138,"column":20}},"12":{"start":{"line":149,"column":8},"end":{"line":149,"column":5536}},"13":{"start":{"line":150,"column":12},"end":{"line":150,"column":51}},"14":{"start":{"line":152,"column":8},"end":{"line":152,"column":20}},"15":{"start":{"line":175,"column":8},"end":{"line":175,"column":122}},"16":{"start":{"line":176,"column":8},"end":{"line":176,"column":25}},"17":{"start":{"line":198,"column":8},"end":{"line":198,"column":141}},"18":{"start":{"line":199,"column":8},"end":{"line":199,"column":133}},"19":{"start":{"line":200,"column":8},"end":{"line":200,"column":148}},"20":{"start":{"line":201,"column":8},"end":{"line":201,"column":8818}},"21":{"start":{"line":202,"column":12},"end":{"line":202,"column":84}},"22":{"start":{"line":204,"column":8},"end":{"line":204,"column":8940}},"23":{"start":{"line":205,"column":12},"end":{"line":205,"column":84}},"24":{"start":{"line":207,"column":8},"end":{"line":207,"column":59}},"25":{"start":{"line":208,"column":8},"end":{"line":208,"column":28}},"26":{"start":{"line":209,"column":8},"end":{"line":209,"column":34}},"27":{"start":{"line":210,"column":8},"end":{"line":210,"column":34}},"28":{"start":{"line":211,"column":8},"end":{"line":211,"column":35}},"29":{"start":{"line":212,"column":8},"end":{"line":212,"column":41}},"30":{"start":{"line":213,"column":8},"end":{"line":213,"column":41}},"31":{"start":{"line":214,"column":8},"end":{"line":214,"column":31}},"32":{"start":{"line":215,"column":8},"end":{"line":215,"column":101}},"33":{"start":{"line":216,"column":8},"end":{"line":216,"column":66}},"34":{"start":{"line":217,"column":8},"end":{"line":217,"column":35}},"35":{"start":{"line":218,"column":8},"end":{"line":218,"column":41}},"36":{"start":{"line":219,"column":8},"end":{"line":219,"column":41}},"37":{"start":{"line":220,"column":8},"end":{"line":220,"column":42}},"38":{"start":{"line":221,"column":8},"end":{"line":221,"column":48}},"39":{"start":{"line":222,"column":8},"end":{"line":222,"column":48}},"40":{"start":{"line":223,"column":8},"end":{"line":223,"column":45}},"41":{"start":{"line":224,"column":8},"end":{"line":224,"column":108}},"42":{"start":{"line":242,"column":8},"end":{"line":242,"column":102}},"43":{"start":{"line":243,"column":8},"end":{"line":243,"column":130}},"44":{"start":{"line":244,"column":8},"end":{"line":244,"column":73}},"45":{"start":{"line":245,"column":8},"end":{"line":245,"column":95}},"46":{"start":{"line":246,"column":8},"end":{"line":246,"column":30}},"47":{"start":{"line":247,"column":8},"end":{"line":247,"column":38}},"48":{"start":{"line":248,"column":8},"end":{"line":248,"column":29}},"49":{"start":{"line":249,"column":8},"end":{"line":249,"column":36}},"50":{"start":{"line":250,"column":8},"end":{"line":250,"column":30}},"51":{"start":{"line":251,"column":8},"end":{"line":251,"column":40}},"52":{"start":{"line":252,"column":8},"end":{"line":252,"column":29}},"53":{"start":{"line":253,"column":8},"end":{"line":253,"column":36}},"54":{"start":{"line":254,"column":8},"end":{"line":254,"column":155}},"55":{"start":{"line":255,"column":8},"end":{"line":255,"column":43}},"56":{"start":{"line":256,"column":8},"end":{"line":256,"column":43}},"57":{"start":{"line":257,"column":8},"end":{"line":257,"column":142}},"58":{"start":{"line":279,"column":8},"end":{"line":279,"column":61}},"59":{"start":{"line":280,"column":8},"end":{"line":280,"column":61}},"60":{"start":{"line":281,"column":8},"end":{"line":281,"column":114}},"61":{"start":{"line":282,"column":8},"end":{"line":282,"column":52}},"62":{"start":{"line":283,"column":8},"end":{"line":283,"column":52}},"63":{"start":{"line":284,"column":8},"end":{"line":284,"column":189}},"64":{"start":{"line":285,"column":8},"end":{"line":285,"column":109}},"65":{"start":{"line":286,"column":8},"end":{"line":286,"column":128}},"66":{"start":{"line":287,"column":8},"end":{"line":287,"column":54}},"67":{"start":{"line":288,"column":8},"end":{"line":288,"column":14873}},"68":{"start":{"line":289,"column":8},"end":{"line":289,"column":105}},"69":{"start":{"line":290,"column":8},"end":{"line":290,"column":84}},"70":{"start":{"line":292,"column":8},"end":{"line":292,"column":15110}},"71":{"start":{"line":293,"column":12},"end":{"line":293,"column":93}},"72":{"start":{"line":295,"column":8},"end":{"line":295,"column":15248}},"73":{"start":{"line":296,"column":12},"end":{"line":296,"column":109}},"74":{"start":{"line":297,"column":12},"end":{"line":297,"column":88}},"75":{"start":{"line":299,"column":8},"end":{"line":299,"column":15493}},"76":{"start":{"line":300,"column":12},"end":{"line":300,"column":93}},"77":{"start":{"line":304,"column":8},"end":{"line":304,"column":45}},"78":{"start":{"line":316,"column":8},"end":{"line":316,"column":61}},"79":{"start":{"line":317,"column":8},"end":{"line":317,"column":61}},"80":{"start":{"line":318,"column":8},"end":{"line":318,"column":114}},"81":{"start":{"line":319,"column":8},"end":{"line":319,"column":239}},"82":{"start":{"line":322,"column":8},"end":{"line":322,"column":46}},"83":{"start":{"line":332,"column":8},"end":{"line":332,"column":26}},"84":{"start":{"line":333,"column":8},"end":{"line":333,"column":61}},"85":{"start":{"line":334,"column":8},"end":{"line":334,"column":61}},"86":{"start":{"line":335,"column":8},"end":{"line":335,"column":114}},"87":{"start":{"line":336,"column":8},"end":{"line":336,"column":68}},"88":{"start":{"line":337,"column":8},"end":{"line":337,"column":43}},"89":{"start":{"line":338,"column":8},"end":{"line":338,"column":18108}},"90":{"start":{"line":339,"column":12},"end":{"line":339,"column":123}},"91":{"start":{"line":340,"column":12},"end":{"line":340,"column":123}},"92":{"start":{"line":341,"column":12},"end":{"line":341,"column":32}},"93":{"start":{"line":342,"column":12},"end":{"line":342,"column":32}},"94":{"start":{"line":343,"column":12},"end":{"line":343,"column":50}},"95":{"start":{"line":344,"column":12},"end":{"line":344,"column":50}},"96":{"start":{"line":345,"column":12},"end":{"line":345,"column":23}},"97":{"start":{"line":348,"column":12},"end":{"line":348,"column":26}},"98":{"start":{"line":349,"column":12},"end":{"line":349,"column":26}},"99":{"start":{"line":350,"column":12},"end":{"line":350,"column":39}},"100":{"start":{"line":351,"column":12},"end":{"line":351,"column":39}},"101":{"start":{"line":352,"column":12},"end":{"line":352,"column":23}}},"branchMap":{"1":{"line":117,"type":"if","locations":[{"start":{"line":117,"column":12},"end":{"line":117,"column":12}},{"start":{"line":117,"column":12},"end":{"line":117,"column":12}}]},"2":{"line":135,"type":"if","locations":[{"start":{"line":135,"column":4},"end":{"line":135,"column":4}},{"start":{"line":135,"column":4},"end":{"line":135,"column":4}}]},"3":{"line":149,"type":"if","locations":[{"start":{"line":149,"column":8},"end":{"line":149,"column":8}},{"start":{"line":149,"column":8},"end":{"line":149,"column":8}}]},"4":{"line":198,"type":"if","locations":[{"start":{"line":198,"column":8},"end":{"line":198,"column":8}},{"start":{"line":198,"column":8},"end":{"line":198,"column":8}}]},"5":{"line":199,"type":"if","locations":[{"start":{"line":199,"column":8},"end":{"line":199,"column":8}},{"start":{"line":199,"column":8},"end":{"line":199,"column":8}}]},"6":{"line":200,"type":"if","locations":[{"start":{"line":200,"column":8},"end":{"line":200,"column":8}},{"start":{"line":200,"column":8},"end":{"line":200,"column":8}}]},"7":{"line":201,"type":"if","locations":[{"start":{"line":201,"column":8},"end":{"line":201,"column":8}},{"start":{"line":201,"column":8},"end":{"line":201,"column":8}}]},"8":{"line":202,"type":"if","locations":[{"start":{"line":202,"column":12},"end":{"line":202,"column":12}},{"start":{"line":202,"column":12},"end":{"line":202,"column":12}}]},"9":{"line":204,"type":"if","locations":[{"start":{"line":204,"column":8},"end":{"line":204,"column":8}},{"start":{"line":204,"column":8},"end":{"line":204,"column":8}}]},"10":{"line":205,"type":"if","locations":[{"start":{"line":205,"column":12},"end":{"line":205,"column":12}},{"start":{"line":205,"column":12},"end":{"line":205,"column":12}}]},"11":{"line":242,"type":"if","locations":[{"start":{"line":242,"column":8},"end":{"line":242,"column":8}},{"start":{"line":242,"column":8},"end":{"line":242,"column":8}}]},"12":{"line":243,"type":"if","locations":[{"start":{"line":243,"column":8},"end":{"line":243,"column":8}},{"start":{"line":243,"column":8},"end":{"line":243,"column":8}}]},"13":{"line":244,"type":"if","locations":[{"start":{"line":244,"column":8},"end":{"line":244,"column":8}},{"start":{"line":244,"column":8},"end":{"line":244,"column":8}}]},"14":{"line":245,"type":"if","locations":[{"start":{"line":245,"column":8},"end":{"line":245,"column":8}},{"start":{"line":245,"column":8},"end":{"line":245,"column":8}}]},"15":{"line":281,"type":"if","locations":[{"start":{"line":281,"column":8},"end":{"line":281,"column":8}},{"start":{"line":281,"column":8},"end":{"line":281,"column":8}}]},"16":{"line":284,"type":"if","locations":[{"start":{"line":284,"column":8},"end":{"line":284,"column":8}},{"start":{"line":284,"column":8},"end":{"line":284,"column":8}}]},"17":{"line":285,"type":"if","locations":[{"start":{"line":285,"column":8},"end":{"line":285,"column":8}},{"start":{"line":285,"column":8},"end":{"line":285,"column":8}}]},"18":{"line":286,"type":"if","locations":[{"start":{"line":286,"column":8},"end":{"line":286,"column":8}},{"start":{"line":286,"column":8},"end":{"line":286,"column":8}}]},"19":{"line":288,"type":"if","locations":[{"start":{"line":288,"column":8},"end":{"line":288,"column":8}},{"start":{"line":288,"column":8},"end":{"line":288,"column":8}}]},"20":{"line":292,"type":"if","locations":[{"start":{"line":292,"column":8},"end":{"line":292,"column":8}},{"start":{"line":292,"column":8},"end":{"line":292,"column":8}}]},"21":{"line":295,"type":"if","locations":[{"start":{"line":295,"column":8},"end":{"line":295,"column":8}},{"start":{"line":295,"column":8},"end":{"line":295,"column":8}}]},"22":{"line":299,"type":"if","locations":[{"start":{"line":299,"column":8},"end":{"line":299,"column":8}},{"start":{"line":299,"column":8},"end":{"line":299,"column":8}}]},"23":{"line":318,"type":"if","locations":[{"start":{"line":318,"column":8},"end":{"line":318,"column":8}},{"start":{"line":318,"column":8},"end":{"line":318,"column":8}}]},"24":{"line":319,"type":"if","locations":[{"start":{"line":319,"column":8},"end":{"line":319,"column":8}},{"start":{"line":319,"column":8},"end":{"line":319,"column":8}}]},"25":{"line":335,"type":"if","locations":[{"start":{"line":335,"column":8},"end":{"line":335,"column":8}},{"start":{"line":335,"column":8},"end":{"line":335,"column":8}}]},"26":{"line":338,"type":"if","locations":[{"start":{"line":338,"column":8},"end":{"line":338,"column":8}},{"start":{"line":338,"column":8},"end":{"line":338,"column":8}}]}}},"contracts/DVD/TestERC20.sol":{"l":{"9":0,"13":0,"17":0},"path":"/home/mayank/security-token-3/T-REX/contracts/DVD/TestERC20.sol","s":{"1":0,"2":0,"3":0},"b":{},"f":{"1":0,"2":0,"3":0},"fnMap":{"1":{"name":"constructor","line":8,"loc":{"start":{"line":8,"column":4},"end":{"line":10,"column":4}}},"2":{"name":"pause","line":12,"loc":{"start":{"line":12,"column":4},"end":{"line":14,"column":4}}},"3":{"name":"unpause","line":16,"loc":{"start":{"line":16,"column":4},"end":{"line":18,"column":4}}}},"statementMap":{"1":{"start":{"line":9,"column":8},"end":{"line":9,"column":32}},"2":{"start":{"line":13,"column":8},"end":{"line":13,"column":15}},"3":{"start":{"line":17,"column":8},"end":{"line":17,"column":17}}},"branchMap":{}},"contracts/proxy/ImplementationAuthority.sol":{"l":{"36":0,"37":0,"41":0,"45":0,"46":0},"path":"/home/mayank/security-token-3/T-REX/contracts/proxy/ImplementationAuthority.sol","s":{"1":0,"2":0,"3":0,"4":0,"5":0},"b":{},"f":{"1":0,"2":0,"3":0},"fnMap":{"1":{"name":"constructor","line":35,"loc":{"start":{"line":35,"column":4},"end":{"line":38,"column":4}}},"2":{"name":"getImplementation","line":40,"loc":{"start":{"line":40,"column":4},"end":{"line":42,"column":4}}},"3":{"name":"updateImplementation","line":44,"loc":{"start":{"line":44,"column":4},"end":{"line":47,"column":4}}}},"statementMap":{"1":{"start":{"line":36,"column":8},"end":{"line":36,"column":39}},"2":{"start":{"line":37,"column":8},"end":{"line":37,"column":51}},"3":{"start":{"line":41,"column":8},"end":{"line":41,"column":29}},"4":{"start":{"line":45,"column":8},"end":{"line":45,"column":42}},"5":{"start":{"line":46,"column":8},"end":{"line":46,"column":54}}},"branchMap":{}},"contracts/proxy/TokenProxy.sol":{"l":{"43":0,"45":0,"48":0,"60":0,"64":0,"66":0},"path":"/home/mayank/security-token-3/T-REX/contracts/proxy/TokenProxy.sol","s":{"1":0,"2":0,"3":0,"4":0,"5":0},"b":{"1":[0,0]},"f":{"1":0,"2":0},"fnMap":{"1":{"name":"constructor","line":34,"loc":{"start":{"line":34,"column":4},"end":{"line":61,"column":4}}},"2":{"name":null,"line":63,"loc":{"start":{"line":63,"column":4},"end":{"line":80,"column":4}}}},"statementMap":{"1":{"start":{"line":43,"column":8},"end":{"line":43,"column":57}},"2":{"start":{"line":45,"column":8},"end":{"line":45,"column":93}},"3":{"start":{"line":48,"column":8},"end":{"line":48,"column":1771}},"4":{"start":{"line":60,"column":8},"end":{"line":60,"column":49}},"5":{"start":{"line":64,"column":8},"end":{"line":64,"column":93}}},"branchMap":{"1":{"line":60,"type":"if","locations":[{"start":{"line":60,"column":8},"end":{"line":60,"column":8}},{"start":{"line":60,"column":8},"end":{"line":60,"column":8}}]}}},"contracts/registry/ClaimTopicsRegistry.sol":{"l":{"39":0,"40":0,"41":0,"43":0,"44":0,"51":0,"52":0,"53":0,"54":0,"55":0,"56":0,"57":0,"66":0,"73":0},"path":"/home/mayank/security-token-3/T-REX/contracts/registry/ClaimTopicsRegistry.sol","s":{"1":0,"2":0,"3":0,"4":0,"5":0,"6":0,"7":0,"8":0,"9":0,"10":0,"11":0,"12":0,"13":0},"b":{"1":[0,0],"2":[0,0]},"f":{"1":0,"2":0,"3":0,"4":0},"fnMap":{"1":{"name":"addClaimTopic","line":38,"loc":{"start":{"line":38,"column":4},"end":{"line":45,"column":4}}},"2":{"name":"removeClaimTopic","line":50,"loc":{"start":{"line":50,"column":4},"end":{"line":60,"column":4}}},"3":{"name":"getClaimTopics","line":65,"loc":{"start":{"line":65,"column":4},"end":{"line":67,"column":4}}},"4":{"name":"transferOwnershipOnClaimTopicsRegistryContract","line":72,"loc":{"start":{"line":72,"column":4},"end":{"line":74,"column":4}}}},"statementMap":{"1":{"start":{"line":39,"column":8},"end":{"line":39,"column":43}},"2":{"start":{"line":40,"column":8},"end":{"line":40,"column":1569}},"3":{"start":{"line":41,"column":12},"end":{"line":41,"column":78}},"4":{"start":{"line":43,"column":8},"end":{"line":43,"column":36}},"5":{"start":{"line":44,"column":8},"end":{"line":44,"column":41}},"6":{"start":{"line":51,"column":8},"end":{"line":51,"column":43}},"7":{"start":{"line":52,"column":8},"end":{"line":52,"column":1996}},"8":{"start":{"line":53,"column":12},"end":{"line":53,"column":2051}},"9":{"start":{"line":54,"column":16},"end":{"line":54,"column":55}},"10":{"start":{"line":55,"column":16},"end":{"line":55,"column":32}},"11":{"start":{"line":56,"column":16},"end":{"line":56,"column":51}},"12":{"start":{"line":66,"column":8},"end":{"line":66,"column":26}},"13":{"start":{"line":73,"column":8},"end":{"line":73,"column":35}}},"branchMap":{"1":{"line":41,"type":"if","locations":[{"start":{"line":41,"column":12},"end":{"line":41,"column":12}},{"start":{"line":41,"column":12},"end":{"line":41,"column":12}}]},"2":{"line":53,"type":"if","locations":[{"start":{"line":53,"column":12},"end":{"line":53,"column":12}},{"start":{"line":53,"column":12},"end":{"line":53,"column":12}}]}}},"contracts/registry/IClaimTopicsRegistry.sol":{"l":{},"path":"/home/mayank/security-token-3/T-REX/contracts/registry/IClaimTopicsRegistry.sol","s":{},"b":{},"f":{},"fnMap":{},"statementMap":{},"branchMap":{}},"contracts/registry/IdentityRegistry.sol":{"l":{"61":0,"62":0,"63":0,"64":0,"65":0,"66":0,"73":0,"80":0,"87":0,"94":0,"101":0,"112":0,"113":0,"124":0,"125":0,"133":0,"134":0,"135":0,"142":0,"143":0,"150":0,"151":0,"158":0,"159":0,"161":0,"162":0,"163":0,"165":0,"166":0,"167":0,"168":0,"169":0,"170":0,"171":0,"172":0,"173":0,"174":0,"176":0,"177":0,"179":0,"181":0,"186":0,"188":0,"189":0,"191":0,"192":0,"194":0,"195":0,"199":0,"200":0,"205":0,"212":0,"213":0,"220":0,"221":0,"228":0,"229":0,"236":0,"237":0,"239":0,"246":0,"253":0,"260":0},"path":"/home/mayank/security-token-3/T-REX/contracts/registry/IdentityRegistry.sol","s":{"1":0,"2":0,"3":0,"4":0,"5":0,"6":0,"7":0,"8":0,"9":0,"10":0,"11":0,"12":0,"13":0,"14":0,"15":0,"16":0,"17":0,"18":0,"19":0,"20":0,"21":0,"22":0,"23":0,"24":0,"25":0,"26":0,"27":0,"28":0,"29":0,"30":0,"31":0,"32":0,"33":0,"34":0,"35":0,"36":0,"37":0,"38":0,"39":0,"40":0,"41":0,"42":0,"43":0,"44":0,"45":0,"46":0,"47":0,"48":0,"49":0,"50":0,"51":0,"52":0,"53":0,"54":0,"55":0,"56":0,"57":0,"58":0,"59":0,"60":0,"61":0,"62":0,"63":0},"b":{"1":[0,0],"2":[0,0],"3":[0,0],"4":[0,0],"5":[0,0],"6":[0,0],"7":[0,0],"8":[0,0],"9":[0,0]},"f":{"1":0,"2":0,"3":0,"4":0,"5":0,"6":0,"7":0,"8":0,"9":0,"10":0,"11":0,"12":0,"13":0,"14":0,"15":0,"16":0,"17":0,"18":0,"19":0},"fnMap":{"1":{"name":"constructor","line":56,"loc":{"start":{"line":56,"column":4},"end":{"line":67,"column":4}}},"2":{"name":"identity","line":72,"loc":{"start":{"line":72,"column":4},"end":{"line":74,"column":4}}},"3":{"name":"investorCountry","line":79,"loc":{"start":{"line":79,"column":4},"end":{"line":81,"column":4}}},"4":{"name":"issuersRegistry","line":86,"loc":{"start":{"line":86,"column":4},"end":{"line":88,"column":4}}},"5":{"name":"topicsRegistry","line":93,"loc":{"start":{"line":93,"column":4},"end":{"line":95,"column":4}}},"6":{"name":"identityStorage","line":100,"loc":{"start":{"line":100,"column":4},"end":{"line":102,"column":4}}},"7":{"name":"registerIdentity","line":111,"loc":{"start":{"line":107,"column":4},"end":{"line":114,"column":4}}},"8":{"name":"batchRegisterIdentity","line":119,"loc":{"start":{"line":119,"column":4},"end":{"line":127,"column":4}}},"9":{"name":"updateIdentity","line":132,"loc":{"start":{"line":132,"column":4},"end":{"line":136,"column":4}}},"10":{"name":"updateCountry","line":141,"loc":{"start":{"line":141,"column":4},"end":{"line":144,"column":4}}},"11":{"name":"deleteIdentity","line":149,"loc":{"start":{"line":149,"column":4},"end":{"line":152,"column":4}}},"12":{"name":"isVerified","line":157,"loc":{"start":{"line":157,"column":4},"end":{"line":206,"column":4}}},"13":{"name":"setIdentityRegistryStorage","line":211,"loc":{"start":{"line":211,"column":4},"end":{"line":214,"column":4}}},"14":{"name":"setClaimTopicsRegistry","line":219,"loc":{"start":{"line":219,"column":4},"end":{"line":222,"column":4}}},"15":{"name":"setTrustedIssuersRegistry","line":227,"loc":{"start":{"line":227,"column":4},"end":{"line":230,"column":4}}},"16":{"name":"contains","line":235,"loc":{"start":{"line":235,"column":4},"end":{"line":240,"column":4}}},"17":{"name":"transferOwnershipOnIdentityRegistryContract","line":245,"loc":{"start":{"line":245,"column":4},"end":{"line":247,"column":4}}},"18":{"name":"addAgentOnIdentityRegistryContract","line":252,"loc":{"start":{"line":252,"column":4},"end":{"line":254,"column":4}}},"19":{"name":"removeAgentOnIdentityRegistryContract","line":259,"loc":{"start":{"line":259,"column":4},"end":{"line":261,"column":4}}}},"statementMap":{"1":{"start":{"line":61,"column":8},"end":{"line":61,"column":71}},"2":{"start":{"line":62,"column":8},"end":{"line":62,"column":78}},"3":{"start":{"line":63,"column":8},"end":{"line":63,"column":72}},"4":{"start":{"line":64,"column":8},"end":{"line":64,"column":57}},"5":{"start":{"line":65,"column":8},"end":{"line":65,"column":63}},"6":{"start":{"line":66,"column":8},"end":{"line":66,"column":49}},"7":{"start":{"line":73,"column":8},"end":{"line":73,"column":64}},"8":{"start":{"line":80,"column":8},"end":{"line":80,"column":71}},"9":{"start":{"line":87,"column":8},"end":{"line":87,"column":35}},"10":{"start":{"line":94,"column":8},"end":{"line":94,"column":34}},"11":{"start":{"line":101,"column":8},"end":{"line":101,"column":35}},"12":{"start":{"line":112,"column":8},"end":{"line":112,"column":83}},"13":{"start":{"line":113,"column":8},"end":{"line":113,"column":56}},"14":{"start":{"line":124,"column":8},"end":{"line":124,"column":4680}},"15":{"start":{"line":125,"column":12},"end":{"line":125,"column":77}},"16":{"start":{"line":133,"column":8},"end":{"line":133,"column":54}},"17":{"start":{"line":134,"column":8},"end":{"line":134,"column":73}},"18":{"start":{"line":135,"column":8},"end":{"line":135,"column":52}},"19":{"start":{"line":142,"column":8},"end":{"line":142,"column":79}},"20":{"start":{"line":143,"column":8},"end":{"line":143,"column":51}},"21":{"start":{"line":150,"column":8},"end":{"line":150,"column":67}},"22":{"start":{"line":151,"column":8},"end":{"line":151,"column":66}},"23":{"start":{"line":158,"column":8},"end":{"line":158,"column":5953}},"24":{"start":{"line":159,"column":12},"end":{"line":159,"column":24}},"25":{"start":{"line":161,"column":8},"end":{"line":161,"column":83}},"26":{"start":{"line":162,"column":8},"end":{"line":162,"column":6135}},"27":{"start":{"line":163,"column":12},"end":{"line":163,"column":23}},"28":{"start":{"line":165,"column":8},"end":{"line":165,"column":31}},"29":{"start":{"line":166,"column":8},"end":{"line":166,"column":22}},"30":{"start":{"line":167,"column":8},"end":{"line":167,"column":22}},"31":{"start":{"line":168,"column":8},"end":{"line":168,"column":24}},"32":{"start":{"line":169,"column":8},"end":{"line":169,"column":25}},"33":{"start":{"line":170,"column":8},"end":{"line":170,"column":26}},"34":{"start":{"line":171,"column":8},"end":{"line":171,"column":6379}},"35":{"start":{"line":172,"column":12},"end":{"line":172,"column":114}},"36":{"start":{"line":173,"column":12},"end":{"line":173,"column":6589}},"37":{"start":{"line":174,"column":16},"end":{"line":174,"column":28}},"38":{"start":{"line":176,"column":12},"end":{"line":176,"column":6673}},"39":{"start":{"line":177,"column":16},"end":{"line":177,"column":108}},"40":{"start":{"line":179,"column":16},"end":{"line":179,"column":6853}},"41":{"start":{"line":181,"column":20},"end":{"line":181,"column":7024}},"42":{"start":{"line":186,"column":24},"end":{"line":186,"column":42}},"43":{"start":{"line":188,"column":20},"end":{"line":188,"column":7349}},"44":{"start":{"line":189,"column":24},"end":{"line":189,"column":36}},"45":{"start":{"line":191,"column":20},"end":{"line":191,"column":7512}},"46":{"start":{"line":192,"column":24},"end":{"line":192,"column":36}},"47":{"start":{"line":194,"column":20},"end":{"line":194,"column":7706}},"48":{"start":{"line":195,"column":24},"end":{"line":195,"column":36}},"49":{"start":{"line":199,"column":20},"end":{"line":199,"column":7876}},"50":{"start":{"line":200,"column":24},"end":{"line":200,"column":36}},"51":{"start":{"line":205,"column":8},"end":{"line":205,"column":19}},"52":{"start":{"line":212,"column":8},"end":{"line":212,"column":80}},"53":{"start":{"line":213,"column":8},"end":{"line":213,"column":57}},"54":{"start":{"line":220,"column":8},"end":{"line":220,"column":71}},"55":{"start":{"line":221,"column":8},"end":{"line":221,"column":57}},"56":{"start":{"line":228,"column":8},"end":{"line":228,"column":78}},"57":{"start":{"line":229,"column":8},"end":{"line":229,"column":63}},"58":{"start":{"line":236,"column":8},"end":{"line":236,"column":9165}},"59":{"start":{"line":237,"column":12},"end":{"line":237,"column":24}},"60":{"start":{"line":239,"column":8},"end":{"line":239,"column":19}},"61":{"start":{"line":246,"column":8},"end":{"line":246,"column":35}},"62":{"start":{"line":253,"column":8},"end":{"line":253,"column":23}},"63":{"start":{"line":260,"column":8},"end":{"line":260,"column":26}}},"branchMap":{"1":{"line":158,"type":"if","locations":[{"start":{"line":158,"column":8},"end":{"line":158,"column":8}},{"start":{"line":158,"column":8},"end":{"line":158,"column":8}}]},"2":{"line":162,"type":"if","locations":[{"start":{"line":162,"column":8},"end":{"line":162,"column":8}},{"start":{"line":162,"column":8},"end":{"line":162,"column":8}}]},"3":{"line":173,"type":"if","locations":[{"start":{"line":173,"column":12},"end":{"line":173,"column":12}},{"start":{"line":173,"column":12},"end":{"line":173,"column":12}}]},"4":{"line":181,"type":"if","locations":[{"start":{"line":181,"column":20},"end":{"line":181,"column":20}},{"start":{"line":181,"column":20},"end":{"line":181,"column":20}}]},"5":{"line":188,"type":"if","locations":[{"start":{"line":188,"column":20},"end":{"line":188,"column":20}},{"start":{"line":188,"column":20},"end":{"line":188,"column":20}}]},"6":{"line":191,"type":"if","locations":[{"start":{"line":191,"column":20},"end":{"line":191,"column":20}},{"start":{"line":191,"column":20},"end":{"line":191,"column":20}}]},"7":{"line":194,"type":"if","locations":[{"start":{"line":194,"column":20},"end":{"line":194,"column":20}},{"start":{"line":194,"column":20},"end":{"line":194,"column":20}}]},"8":{"line":199,"type":"if","locations":[{"start":{"line":199,"column":20},"end":{"line":199,"column":20}},{"start":{"line":199,"column":20},"end":{"line":199,"column":20}}]},"9":{"line":236,"type":"if","locations":[{"start":{"line":236,"column":8},"end":{"line":236,"column":8}},{"start":{"line":236,"column":8},"end":{"line":236,"column":8}}]}}},"contracts/registry/IdentityRegistryStorage.sol":{"l":{"49":0,"56":0,"63":0,"74":0,"75":0,"76":0,"77":0,"78":0,"85":0,"86":0,"87":0,"88":0,"89":0,"96":0,"97":0,"98":0,"105":0,"106":0,"107":0,"114":0,"121":0,"122":0,"123":0,"130":0,"131":0,"132":0,"133":0,"134":0,"135":0,"136":0,"139":0,"140":0},"path":"/home/mayank/security-token-3/T-REX/contracts/registry/IdentityRegistryStorage.sol","s":{"1":0,"2":0,"3":0,"4":0,"5":0,"6":0,"7":0,"8":0,"9":0,"10":0,"11":0,"12":0,"13":0,"14":0,"15":0,"16":0,"17":0,"18":0,"19":0,"20":0,"21":0,"22":0,"23":0,"24":0,"25":0,"26":0,"27":0,"28":0,"29":0,"30":0},"b":{"1":[0,0],"2":[0,0],"3":[0,0],"4":[0,0],"5":[0,0],"6":[0,0],"7":[0,0],"8":[0,0]},"f":{"1":0,"2":0,"3":0,"4":0,"5":0,"6":0,"7":0,"8":0,"9":0,"10":0},"fnMap":{"1":{"name":"linkedIdentityRegistries","line":48,"loc":{"start":{"line":48,"column":4},"end":{"line":50,"column":4}}},"2":{"name":"storedIdentity","line":55,"loc":{"start":{"line":55,"column":4},"end":{"line":57,"column":4}}},"3":{"name":"storedInvestorCountry","line":62,"loc":{"start":{"line":62,"column":4},"end":{"line":64,"column":4}}},"4":{"name":"addIdentityToStorage","line":73,"loc":{"start":{"line":69,"column":4},"end":{"line":79,"column":4}}},"5":{"name":"modifyStoredIdentity","line":84,"loc":{"start":{"line":84,"column":4},"end":{"line":90,"column":4}}},"6":{"name":"modifyStoredInvestorCountry","line":95,"loc":{"start":{"line":95,"column":4},"end":{"line":99,"column":4}}},"7":{"name":"removeIdentityFromStorage","line":104,"loc":{"start":{"line":104,"column":4},"end":{"line":108,"column":4}}},"8":{"name":"transferOwnershipOnIdentityRegistryStorage","line":113,"loc":{"start":{"line":113,"column":4},"end":{"line":115,"column":4}}},"9":{"name":"bindIdentityRegistry","line":120,"loc":{"start":{"line":120,"column":4},"end":{"line":124,"column":4}}},"10":{"name":"unbindIdentityRegistry","line":129,"loc":{"start":{"line":129,"column":4},"end":{"line":141,"column":4}}}},"statementMap":{"1":{"start":{"line":49,"column":8},"end":{"line":49,"column":33}},"2":{"start":{"line":56,"column":8},"end":{"line":56,"column":56}},"3":{"start":{"line":63,"column":8},"end":{"line":63,"column":55}},"4":{"start":{"line":74,"column":8},"end":{"line":74,"column":93}},"5":{"start":{"line":75,"column":8},"end":{"line":75,"column":135}},"6":{"start":{"line":76,"column":8},"end":{"line":76,"column":60}},"7":{"start":{"line":77,"column":8},"end":{"line":77,"column":58}},"8":{"start":{"line":78,"column":8},"end":{"line":78,"column":52}},"9":{"start":{"line":85,"column":8},"end":{"line":85,"column":120}},"10":{"start":{"line":86,"column":8},"end":{"line":86,"column":93}},"11":{"start":{"line":87,"column":8},"end":{"line":87,"column":73}},"12":{"start":{"line":88,"column":8},"end":{"line":88,"column":60}},"13":{"start":{"line":89,"column":8},"end":{"line":89,"column":53}},"14":{"start":{"line":96,"column":8},"end":{"line":96,"column":120}},"15":{"start":{"line":97,"column":8},"end":{"line":97,"column":58}},"16":{"start":{"line":98,"column":8},"end":{"line":98,"column":52}},"17":{"start":{"line":105,"column":8},"end":{"line":105,"column":123}},"18":{"start":{"line":107,"column":8},"end":{"line":107,"column":86}},"19":{"start":{"line":114,"column":8},"end":{"line":114,"column":35}},"20":{"start":{"line":121,"column":8},"end":{"line":121,"column":34}},"21":{"start":{"line":122,"column":8},"end":{"line":122,"column":49}},"22":{"start":{"line":123,"column":8},"end":{"line":123,"column":53}},"23":{"start":{"line":130,"column":8},"end":{"line":130,"column":80}},"24":{"start":{"line":131,"column":8},"end":{"line":131,"column":50}},"25":{"start":{"line":132,"column":8},"end":{"line":132,"column":5493}},"26":{"start":{"line":133,"column":12},"end":{"line":133,"column":5548}},"27":{"start":{"line":134,"column":16},"end":{"line":134,"column":69}},"28":{"start":{"line":135,"column":16},"end":{"line":135,"column":39}},"29":{"start":{"line":139,"column":8},"end":{"line":139,"column":37}},"30":{"start":{"line":140,"column":8},"end":{"line":140,"column":55}}},"branchMap":{"1":{"line":74,"type":"if","locations":[{"start":{"line":74,"column":8},"end":{"line":74,"column":8}},{"start":{"line":74,"column":8},"end":{"line":74,"column":8}}]},"2":{"line":75,"type":"if","locations":[{"start":{"line":75,"column":8},"end":{"line":75,"column":8}},{"start":{"line":75,"column":8},"end":{"line":75,"column":8}}]},"3":{"line":85,"type":"if","locations":[{"start":{"line":85,"column":8},"end":{"line":85,"column":8}},{"start":{"line":85,"column":8},"end":{"line":85,"column":8}}]},"4":{"line":86,"type":"if","locations":[{"start":{"line":86,"column":8},"end":{"line":86,"column":8}},{"start":{"line":86,"column":8},"end":{"line":86,"column":8}}]},"5":{"line":96,"type":"if","locations":[{"start":{"line":96,"column":8},"end":{"line":96,"column":8}},{"start":{"line":96,"column":8},"end":{"line":96,"column":8}}]},"6":{"line":105,"type":"if","locations":[{"start":{"line":105,"column":8},"end":{"line":105,"column":8}},{"start":{"line":105,"column":8},"end":{"line":105,"column":8}}]},"7":{"line":130,"type":"if","locations":[{"start":{"line":130,"column":8},"end":{"line":130,"column":8}},{"start":{"line":130,"column":8},"end":{"line":130,"column":8}}]},"8":{"line":133,"type":"if","locations":[{"start":{"line":133,"column":12},"end":{"line":133,"column":12}},{"start":{"line":133,"column":12},"end":{"line":133,"column":12}}]}}},"contracts/registry/IIdentityRegistry.sol":{"l":{},"path":"/home/mayank/security-token-3/T-REX/contracts/registry/IIdentityRegistry.sol","s":{},"b":{},"f":{},"fnMap":{},"statementMap":{},"branchMap":{}},"contracts/registry/IIdentityRegistryStorage.sol":{"l":{},"path":"/home/mayank/security-token-3/T-REX/contracts/registry/IIdentityRegistryStorage.sol","s":{},"b":{},"f":{},"fnMap":{},"statementMap":{},"branchMap":{}},"contracts/registry/ITrustedIssuersRegistry.sol":{"l":{},"path":"/home/mayank/security-token-3/T-REX/contracts/registry/ITrustedIssuersRegistry.sol","s":{},"b":{},"f":{},"fnMap":{},"statementMap":{},"branchMap":{}},"contracts/registry/TrustedIssuersRegistry.sol":{"l":{"44":0,"45":0,"46":0,"47":0,"48":0,"55":0,"56":0,"57":0,"58":0,"59":0,"60":0,"61":0,"64":0,"65":0,"72":0,"73":0,"74":0,"75":0,"82":0,"89":0,"90":0,"91":0,"92":0,"95":0,"102":0,"103":0,"110":0,"111":0,"112":0,"113":0,"114":0,"117":0,"124":0},"path":"/home/mayank/security-token-3/T-REX/contracts/registry/TrustedIssuersRegistry.sol","s":{"1":0,"2":0,"3":0,"4":0,"5":0,"6":0,"7":0,"8":0,"9":0,"10":0,"11":0,"12":0,"13":0,"14":0,"15":0,"16":0,"17":0,"18":0,"19":0,"20":0,"21":0,"22":0,"23":0,"24":0,"25":0,"26":0,"27":0,"28":0,"29":0,"30":0,"31":0},"b":{"1":[0,0],"2":[0,0],"3":[0,0],"4":[0,0],"5":[0,0],"6":[0,0],"7":[0,0],"8":[0,0],"9":[0,0]},"f":{"1":0,"2":0,"3":0,"4":0,"5":0,"6":0,"7":0,"8":0},"fnMap":{"1":{"name":"addTrustedIssuer","line":43,"loc":{"start":{"line":43,"column":4},"end":{"line":49,"column":4}}},"2":{"name":"removeTrustedIssuer","line":54,"loc":{"start":{"line":54,"column":4},"end":{"line":66,"column":4}}},"3":{"name":"updateIssuerClaimTopics","line":71,"loc":{"start":{"line":71,"column":4},"end":{"line":76,"column":4}}},"4":{"name":"getTrustedIssuers","line":81,"loc":{"start":{"line":81,"column":4},"end":{"line":83,"column":4}}},"5":{"name":"isTrustedIssuer","line":88,"loc":{"start":{"line":88,"column":4},"end":{"line":96,"column":4}}},"6":{"name":"getTrustedIssuerClaimTopics","line":101,"loc":{"start":{"line":101,"column":4},"end":{"line":104,"column":4}}},"7":{"name":"hasClaimTopic","line":109,"loc":{"start":{"line":109,"column":4},"end":{"line":118,"column":4}}},"8":{"name":"transferOwnershipOnIssuersRegistryContract","line":123,"loc":{"start":{"line":123,"column":4},"end":{"line":125,"column":4}}}},"statementMap":{"1":{"start":{"line":44,"column":8},"end":{"line":44,"column":110}},"2":{"start":{"line":45,"column":8},"end":{"line":45,"column":79}},"3":{"start":{"line":46,"column":8},"end":{"line":46,"column":42}},"4":{"start":{"line":47,"column":8},"end":{"line":47,"column":71}},"5":{"start":{"line":48,"column":8},"end":{"line":48,"column":61}},"6":{"start":{"line":55,"column":8},"end":{"line":55,"column":110}},"7":{"start":{"line":56,"column":8},"end":{"line":56,"column":46}},"8":{"start":{"line":57,"column":8},"end":{"line":57,"column":2570}},"9":{"start":{"line":58,"column":12},"end":{"line":58,"column":2625}},"10":{"start":{"line":59,"column":16},"end":{"line":59,"column":61}},"11":{"start":{"line":60,"column":16},"end":{"line":60,"column":35}},"12":{"start":{"line":65,"column":8},"end":{"line":65,"column":49}},"13":{"start":{"line":72,"column":8},"end":{"line":72,"column":110}},"14":{"start":{"line":73,"column":8},"end":{"line":73,"column":71}},"15":{"start":{"line":74,"column":8},"end":{"line":74,"column":71}},"16":{"start":{"line":75,"column":8},"end":{"line":75,"column":61}},"17":{"start":{"line":82,"column":8},"end":{"line":82,"column":29}},"18":{"start":{"line":89,"column":8},"end":{"line":89,"column":46}},"19":{"start":{"line":90,"column":8},"end":{"line":90,"column":3905}},"20":{"start":{"line":91,"column":12},"end":{"line":91,"column":3960}},"21":{"start":{"line":92,"column":16},"end":{"line":92,"column":27}},"22":{"start":{"line":95,"column":8},"end":{"line":95,"column":20}},"23":{"start":{"line":102,"column":8},"end":{"line":102,"column":110}},"24":{"start":{"line":103,"column":8},"end":{"line":103,"column":64}},"25":{"start":{"line":110,"column":8},"end":{"line":110,"column":65}},"26":{"start":{"line":111,"column":8},"end":{"line":111,"column":72}},"27":{"start":{"line":112,"column":8},"end":{"line":112,"column":4807}},"28":{"start":{"line":113,"column":12},"end":{"line":113,"column":4862}},"29":{"start":{"line":114,"column":16},"end":{"line":114,"column":27}},"30":{"start":{"line":117,"column":8},"end":{"line":117,"column":20}},"31":{"start":{"line":124,"column":8},"end":{"line":124,"column":35}}},"branchMap":{"1":{"line":44,"type":"if","locations":[{"start":{"line":44,"column":8},"end":{"line":44,"column":8}},{"start":{"line":44,"column":8},"end":{"line":44,"column":8}}]},"2":{"line":45,"type":"if","locations":[{"start":{"line":45,"column":8},"end":{"line":45,"column":8}},{"start":{"line":45,"column":8},"end":{"line":45,"column":8}}]},"3":{"line":55,"type":"if","locations":[{"start":{"line":55,"column":8},"end":{"line":55,"column":8}},{"start":{"line":55,"column":8},"end":{"line":55,"column":8}}]},"4":{"line":58,"type":"if","locations":[{"start":{"line":58,"column":12},"end":{"line":58,"column":12}},{"start":{"line":58,"column":12},"end":{"line":58,"column":12}}]},"5":{"line":72,"type":"if","locations":[{"start":{"line":72,"column":8},"end":{"line":72,"column":8}},{"start":{"line":72,"column":8},"end":{"line":72,"column":8}}]},"6":{"line":73,"type":"if","locations":[{"start":{"line":73,"column":8},"end":{"line":73,"column":8}},{"start":{"line":73,"column":8},"end":{"line":73,"column":8}}]},"7":{"line":91,"type":"if","locations":[{"start":{"line":91,"column":12},"end":{"line":91,"column":12}},{"start":{"line":91,"column":12},"end":{"line":91,"column":12}}]},"8":{"line":102,"type":"if","locations":[{"start":{"line":102,"column":8},"end":{"line":102,"column":8}},{"start":{"line":102,"column":8},"end":{"line":102,"column":8}}]},"9":{"line":113,"type":"if","locations":[{"start":{"line":113,"column":12},"end":{"line":113,"column":12}},{"start":{"line":113,"column":12},"end":{"line":113,"column":12}}]}}},"contracts/roles/AgentManager.sol":{"l":{"38":0,"55":0,"59":0,"76":0,"80":0,"92":0,"93":0,"105":0,"106":0,"122":0,"126":0,"142":0,"146":0,"162":0,"166":0,"182":0,"186":0,"202":0,"203":0,"219":0,"220":0,"236":0,"237":0,"253":0,"254":0,"270":0,"271":0,"287":0,"288":0,"305":0,"309":0,"326":0,"330":0,"346":0,"350":0,"366":0,"370":0,"382":0,"386":0},"path":"/home/mayank/security-token-3/T-REX/contracts/roles/AgentManager.sol","s":{"1":0,"2":0,"3":0,"4":0,"5":0,"6":0,"7":0,"8":0,"9":0,"10":0,"11":0,"12":0,"13":0,"14":0,"15":0,"16":0,"17":0,"18":0,"19":0,"20":0,"21":0,"22":0,"23":0,"24":0,"25":0,"26":0,"27":0,"28":0,"29":0,"30":0,"31":0,"32":0,"33":0,"34":0,"35":0,"36":0,"37":0,"38":0,"39":0},"b":{"1":[0,0],"2":[0,0],"3":[0,0],"4":[0,0],"5":[0,0],"6":[0,0],"7":[0,0],"8":[0,0],"9":[0,0],"10":[0,0],"11":[0,0],"12":[0,0],"13":[0,0],"14":[0,0],"15":[0,0],"16":[0,0],"17":[0,0],"18":[0,0],"19":[0,0]},"f":{"1":0,"2":0,"3":0,"4":0,"5":0,"6":0,"7":0,"8":0,"9":0,"10":0,"11":0,"12":0,"13":0,"14":0,"15":0,"16":0,"17":0,"18":0,"19":0,"20":0},"fnMap":{"1":{"name":"constructor","line":37,"loc":{"start":{"line":37,"column":4},"end":{"line":39,"column":4}}},"2":{"name":"callForcedTransfer","line":49,"loc":{"start":{"line":49,"column":4},"end":{"line":60,"column":4}}},"3":{"name":"callBatchForcedTransfer","line":70,"loc":{"start":{"line":70,"column":4},"end":{"line":81,"column":4}}},"4":{"name":"callPause","line":91,"loc":{"start":{"line":91,"column":4},"end":{"line":94,"column":4}}},"5":{"name":"callUnpause","line":104,"loc":{"start":{"line":104,"column":4},"end":{"line":107,"column":4}}},"6":{"name":"callMint","line":117,"loc":{"start":{"line":117,"column":4},"end":{"line":127,"column":4}}},"7":{"name":"callBatchMint","line":137,"loc":{"start":{"line":137,"column":4},"end":{"line":147,"column":4}}},"8":{"name":"callBurn","line":157,"loc":{"start":{"line":157,"column":4},"end":{"line":167,"column":4}}},"9":{"name":"callBatchBurn","line":177,"loc":{"start":{"line":177,"column":4},"end":{"line":187,"column":4}}},"10":{"name":"callSetAddressFrozen","line":197,"loc":{"start":{"line":197,"column":4},"end":{"line":204,"column":4}}},"11":{"name":"callBatchSetAddressFrozen","line":214,"loc":{"start":{"line":214,"column":4},"end":{"line":221,"column":4}}},"12":{"name":"callFreezePartialTokens","line":231,"loc":{"start":{"line":231,"column":4},"end":{"line":238,"column":4}}},"13":{"name":"callBatchFreezePartialTokens","line":248,"loc":{"start":{"line":248,"column":4},"end":{"line":255,"column":4}}},"14":{"name":"callUnfreezePartialTokens","line":265,"loc":{"start":{"line":265,"column":4},"end":{"line":272,"column":4}}},"15":{"name":"callBatchUnfreezePartialTokens","line":282,"loc":{"start":{"line":282,"column":4},"end":{"line":289,"column":4}}},"16":{"name":"callRecoveryAddress","line":299,"loc":{"start":{"line":299,"column":4},"end":{"line":310,"column":4}}},"17":{"name":"callRegisterIdentity","line":320,"loc":{"start":{"line":320,"column":4},"end":{"line":331,"column":4}}},"18":{"name":"callUpdateIdentity","line":341,"loc":{"start":{"line":341,"column":4},"end":{"line":351,"column":4}}},"19":{"name":"callUpdateCountry","line":361,"loc":{"start":{"line":361,"column":4},"end":{"line":371,"column":4}}},"20":{"name":"callDeleteIdentity","line":381,"loc":{"start":{"line":381,"column":4},"end":{"line":387,"column":4}}}},"statementMap":{"1":{"start":{"line":38,"column":8},"end":{"line":38,"column":29}},"2":{"start":{"line":55,"column":8},"end":{"line":55,"column":2134}},"3":{"start":{"line":59,"column":8},"end":{"line":59,"column":48}},"4":{"start":{"line":76,"column":8},"end":{"line":76,"column":3080}},"5":{"start":{"line":80,"column":8},"end":{"line":80,"column":62}},"6":{"start":{"line":92,"column":8},"end":{"line":92,"column":143}},"7":{"start":{"line":93,"column":8},"end":{"line":93,"column":20}},"8":{"start":{"line":105,"column":8},"end":{"line":105,"column":143}},"9":{"start":{"line":106,"column":8},"end":{"line":106,"column":22}},"10":{"start":{"line":122,"column":8},"end":{"line":122,"column":5321}},"11":{"start":{"line":126,"column":8},"end":{"line":126,"column":31}},"12":{"start":{"line":142,"column":8},"end":{"line":142,"column":6179}},"13":{"start":{"line":146,"column":8},"end":{"line":146,"column":41}},"14":{"start":{"line":162,"column":8},"end":{"line":162,"column":7014}},"15":{"start":{"line":166,"column":8},"end":{"line":166,"column":40}},"16":{"start":{"line":182,"column":8},"end":{"line":182,"column":7888}},"17":{"start":{"line":186,"column":8},"end":{"line":186,"column":48}},"18":{"start":{"line":202,"column":8},"end":{"line":202,"column":143}},"19":{"start":{"line":203,"column":8},"end":{"line":203,"column":52}},"20":{"start":{"line":219,"column":8},"end":{"line":219,"column":143}},"21":{"start":{"line":220,"column":8},"end":{"line":220,"column":59}},"22":{"start":{"line":236,"column":8},"end":{"line":236,"column":143}},"23":{"start":{"line":237,"column":8},"end":{"line":237,"column":55}},"24":{"start":{"line":253,"column":8},"end":{"line":253,"column":143}},"25":{"start":{"line":254,"column":8},"end":{"line":254,"column":63}},"26":{"start":{"line":270,"column":8},"end":{"line":270,"column":143}},"27":{"start":{"line":271,"column":8},"end":{"line":271,"column":57}},"28":{"start":{"line":287,"column":8},"end":{"line":287,"column":143}},"29":{"start":{"line":288,"column":8},"end":{"line":288,"column":65}},"30":{"start":{"line":305,"column":8},"end":{"line":305,"column":13975}},"31":{"start":{"line":309,"column":8},"end":{"line":309,"column":65}},"32":{"start":{"line":326,"column":8},"end":{"line":326,"column":14975}},"33":{"start":{"line":330,"column":8},"end":{"line":330,"column":84}},"34":{"start":{"line":346,"column":8},"end":{"line":346,"column":15942}},"35":{"start":{"line":350,"column":8},"end":{"line":350,"column":71}},"36":{"start":{"line":366,"column":8},"end":{"line":366,"column":16875}},"37":{"start":{"line":370,"column":8},"end":{"line":370,"column":69}},"38":{"start":{"line":382,"column":8},"end":{"line":382,"column":17762}},"39":{"start":{"line":386,"column":8},"end":{"line":386,"column":60}}},"branchMap":{"1":{"line":55,"type":"if","locations":[{"start":{"line":55,"column":8},"end":{"line":55,"column":8}},{"start":{"line":55,"column":8},"end":{"line":55,"column":8}}]},"2":{"line":76,"type":"if","locations":[{"start":{"line":76,"column":8},"end":{"line":76,"column":8}},{"start":{"line":76,"column":8},"end":{"line":76,"column":8}}]},"3":{"line":92,"type":"if","locations":[{"start":{"line":92,"column":8},"end":{"line":92,"column":8}},{"start":{"line":92,"column":8},"end":{"line":92,"column":8}}]},"4":{"line":105,"type":"if","locations":[{"start":{"line":105,"column":8},"end":{"line":105,"column":8}},{"start":{"line":105,"column":8},"end":{"line":105,"column":8}}]},"5":{"line":122,"type":"if","locations":[{"start":{"line":122,"column":8},"end":{"line":122,"column":8}},{"start":{"line":122,"column":8},"end":{"line":122,"column":8}}]},"6":{"line":142,"type":"if","locations":[{"start":{"line":142,"column":8},"end":{"line":142,"column":8}},{"start":{"line":142,"column":8},"end":{"line":142,"column":8}}]},"7":{"line":162,"type":"if","locations":[{"start":{"line":162,"column":8},"end":{"line":162,"column":8}},{"start":{"line":162,"column":8},"end":{"line":162,"column":8}}]},"8":{"line":182,"type":"if","locations":[{"start":{"line":182,"column":8},"end":{"line":182,"column":8}},{"start":{"line":182,"column":8},"end":{"line":182,"column":8}}]},"9":{"line":202,"type":"if","locations":[{"start":{"line":202,"column":8},"end":{"line":202,"column":8}},{"start":{"line":202,"column":8},"end":{"line":202,"column":8}}]},"10":{"line":219,"type":"if","locations":[{"start":{"line":219,"column":8},"end":{"line":219,"column":8}},{"start":{"line":219,"column":8},"end":{"line":219,"column":8}}]},"11":{"line":236,"type":"if","locations":[{"start":{"line":236,"column":8},"end":{"line":236,"column":8}},{"start":{"line":236,"column":8},"end":{"line":236,"column":8}}]},"12":{"line":253,"type":"if","locations":[{"start":{"line":253,"column":8},"end":{"line":253,"column":8}},{"start":{"line":253,"column":8},"end":{"line":253,"column":8}}]},"13":{"line":270,"type":"if","locations":[{"start":{"line":270,"column":8},"end":{"line":270,"column":8}},{"start":{"line":270,"column":8},"end":{"line":270,"column":8}}]},"14":{"line":287,"type":"if","locations":[{"start":{"line":287,"column":8},"end":{"line":287,"column":8}},{"start":{"line":287,"column":8},"end":{"line":287,"column":8}}]},"15":{"line":305,"type":"if","locations":[{"start":{"line":305,"column":8},"end":{"line":305,"column":8}},{"start":{"line":305,"column":8},"end":{"line":305,"column":8}}]},"16":{"line":326,"type":"if","locations":[{"start":{"line":326,"column":8},"end":{"line":326,"column":8}},{"start":{"line":326,"column":8},"end":{"line":326,"column":8}}]},"17":{"line":346,"type":"if","locations":[{"start":{"line":346,"column":8},"end":{"line":346,"column":8}},{"start":{"line":346,"column":8},"end":{"line":346,"column":8}}]},"18":{"line":366,"type":"if","locations":[{"start":{"line":366,"column":8},"end":{"line":366,"column":8}},{"start":{"line":366,"column":8},"end":{"line":366,"column":8}}]},"19":{"line":382,"type":"if","locations":[{"start":{"line":382,"column":8},"end":{"line":382,"column":8}},{"start":{"line":382,"column":8},"end":{"line":382,"column":8}}]}}},"contracts/roles/AgentRole.sol":{"l":{"40":0,"41":0,"45":0,"49":0,"50":0,"54":0,"55":0},"path":"/home/mayank/security-token-3/T-REX/contracts/roles/AgentRole.sol","s":{"1":0,"2":0,"3":0,"4":0,"5":0,"6":0},"b":{"1":[0,0]},"f":{"1":0,"2":0,"3":0,"4":0},"fnMap":{"1":{"name":"onlyAgent","line":39,"loc":{"start":{"line":39,"column":4},"end":{"line":42,"column":4}}},"2":{"name":"isAgent","line":44,"loc":{"start":{"line":44,"column":4},"end":{"line":46,"column":4}}},"3":{"name":"addAgent","line":48,"loc":{"start":{"line":48,"column":4},"end":{"line":51,"column":4}}},"4":{"name":"removeAgent","line":53,"loc":{"start":{"line":53,"column":4},"end":{"line":56,"column":4}}}},"statementMap":{"1":{"start":{"line":40,"column":8},"end":{"line":40,"column":85}},"2":{"start":{"line":45,"column":8},"end":{"line":45,"column":34}},"3":{"start":{"line":49,"column":8},"end":{"line":49,"column":26}},"4":{"start":{"line":50,"column":8},"end":{"line":50,"column":31}},"5":{"start":{"line":54,"column":8},"end":{"line":54,"column":29}},"6":{"start":{"line":55,"column":8},"end":{"line":55,"column":33}}},"branchMap":{"1":{"line":40,"type":"if","locations":[{"start":{"line":40,"column":8},"end":{"line":40,"column":8}},{"start":{"line":40,"column":8},"end":{"line":40,"column":8}}]}}},"contracts/roles/AgentRoles.sol":{"l":{"46":0,"47":0,"53":0,"57":0,"58":0,"59":0,"63":0,"64":0,"65":0,"71":0,"75":0,"76":0,"77":0,"81":0,"82":0,"83":0,"89":0,"93":0,"94":0,"95":0,"99":0,"100":0,"101":0,"107":0,"111":0,"112":0,"113":0,"117":0,"118":0,"119":0,"125":0,"129":0,"130":0,"131":0,"135":0,"136":0,"137":0,"143":0,"147":0,"148":0,"149":0,"153":0,"154":0,"155":0,"161":0,"165":0,"166":0,"167":0,"171":0,"172":0,"173":0},"path":"/home/mayank/security-token-3/T-REX/contracts/roles/AgentRoles.sol","s":{"1":0,"2":0,"3":0,"4":0,"5":0,"6":0,"7":0,"8":0,"9":0,"10":0,"11":0,"12":0,"13":0,"14":0,"15":0,"16":0,"17":0,"18":0,"19":0,"20":0,"21":0,"22":0,"23":0,"24":0,"25":0,"26":0,"27":0,"28":0,"29":0,"30":0,"31":0,"32":0,"33":0,"34":0,"35":0,"36":0,"37":0,"38":0,"39":0,"40":0,"41":0,"42":0,"43":0,"44":0,"45":0,"46":0,"47":0,"48":0,"49":0,"50":0},"b":{"1":[0,0]},"f":{"1":0,"2":0,"3":0,"4":0,"5":0,"6":0,"7":0,"8":0,"9":0,"10":0,"11":0,"12":0,"13":0,"14":0,"15":0,"16":0,"17":0,"18":0,"19":0,"20":0,"21":0,"22":0},"fnMap":{"1":{"name":"onlyAdmin","line":45,"loc":{"start":{"line":45,"column":4},"end":{"line":48,"column":4}}},"2":{"name":"isAgentAdmin","line":52,"loc":{"start":{"line":52,"column":4},"end":{"line":54,"column":4}}},"3":{"name":"addAgentAdmin","line":56,"loc":{"start":{"line":56,"column":4},"end":{"line":60,"column":4}}},"4":{"name":"removeAgentAdmin","line":62,"loc":{"start":{"line":62,"column":4},"end":{"line":66,"column":4}}},"5":{"name":"isSupplyModifier","line":70,"loc":{"start":{"line":70,"column":4},"end":{"line":72,"column":4}}},"6":{"name":"addSupplyModifier","line":74,"loc":{"start":{"line":74,"column":4},"end":{"line":78,"column":4}}},"7":{"name":"removeSupplyModifier","line":80,"loc":{"start":{"line":80,"column":4},"end":{"line":84,"column":4}}},"8":{"name":"isFreezer","line":88,"loc":{"start":{"line":88,"column":4},"end":{"line":90,"column":4}}},"9":{"name":"addFreezer","line":92,"loc":{"start":{"line":92,"column":4},"end":{"line":96,"column":4}}},"10":{"name":"removeFreezer","line":98,"loc":{"start":{"line":98,"column":4},"end":{"line":102,"column":4}}},"11":{"name":"isTransferManager","line":106,"loc":{"start":{"line":106,"column":4},"end":{"line":108,"column":4}}},"12":{"name":"addTransferManager","line":110,"loc":{"start":{"line":110,"column":4},"end":{"line":114,"column":4}}},"13":{"name":"removeTransferManager","line":116,"loc":{"start":{"line":116,"column":4},"end":{"line":120,"column":4}}},"14":{"name":"isRecoveryAgent","line":124,"loc":{"start":{"line":124,"column":4},"end":{"line":126,"column":4}}},"15":{"name":"addRecoveryAgent","line":128,"loc":{"start":{"line":128,"column":4},"end":{"line":132,"column":4}}},"16":{"name":"removeRecoveryAgent","line":134,"loc":{"start":{"line":134,"column":4},"end":{"line":138,"column":4}}},"17":{"name":"isComplianceAgent","line":142,"loc":{"start":{"line":142,"column":4},"end":{"line":144,"column":4}}},"18":{"name":"addComplianceAgent","line":146,"loc":{"start":{"line":146,"column":4},"end":{"line":150,"column":4}}},"19":{"name":"removeComplianceAgent","line":152,"loc":{"start":{"line":152,"column":4},"end":{"line":156,"column":4}}},"20":{"name":"isWhiteListManager","line":160,"loc":{"start":{"line":160,"column":4},"end":{"line":162,"column":4}}},"21":{"name":"addWhiteListManager","line":164,"loc":{"start":{"line":164,"column":4},"end":{"line":168,"column":4}}},"22":{"name":"removeWhiteListManager","line":170,"loc":{"start":{"line":170,"column":4},"end":{"line":174,"column":4}}}},"statementMap":{"1":{"start":{"line":46,"column":8},"end":{"line":46,"column":96}},"2":{"start":{"line":53,"column":8},"end":{"line":53,"column":38}},"3":{"start":{"line":57,"column":8},"end":{"line":57,"column":30}},"4":{"start":{"line":58,"column":8},"end":{"line":58,"column":42}},"5":{"start":{"line":59,"column":8},"end":{"line":59,"column":37}},"6":{"start":{"line":63,"column":8},"end":{"line":63,"column":33}},"7":{"start":{"line":64,"column":8},"end":{"line":64,"column":42}},"8":{"start":{"line":65,"column":8},"end":{"line":65,"column":39}},"9":{"start":{"line":71,"column":8},"end":{"line":71,"column":43}},"10":{"start":{"line":75,"column":8},"end":{"line":75,"column":35}},"11":{"start":{"line":76,"column":8},"end":{"line":76,"column":46}},"12":{"start":{"line":77,"column":8},"end":{"line":77,"column":37}},"13":{"start":{"line":81,"column":8},"end":{"line":81,"column":38}},"14":{"start":{"line":82,"column":8},"end":{"line":82,"column":46}},"15":{"start":{"line":83,"column":8},"end":{"line":83,"column":39}},"16":{"start":{"line":89,"column":8},"end":{"line":89,"column":36}},"17":{"start":{"line":93,"column":8},"end":{"line":93,"column":28}},"18":{"start":{"line":94,"column":8},"end":{"line":94,"column":39}},"19":{"start":{"line":95,"column":8},"end":{"line":95,"column":37}},"20":{"start":{"line":99,"column":8},"end":{"line":99,"column":31}},"21":{"start":{"line":100,"column":8},"end":{"line":100,"column":39}},"22":{"start":{"line":101,"column":8},"end":{"line":101,"column":39}},"23":{"start":{"line":107,"column":8},"end":{"line":107,"column":44}},"24":{"start":{"line":111,"column":8},"end":{"line":111,"column":36}},"25":{"start":{"line":112,"column":8},"end":{"line":112,"column":47}},"26":{"start":{"line":113,"column":8},"end":{"line":113,"column":37}},"27":{"start":{"line":117,"column":8},"end":{"line":117,"column":39}},"28":{"start":{"line":118,"column":8},"end":{"line":118,"column":47}},"29":{"start":{"line":119,"column":8},"end":{"line":119,"column":39}},"30":{"start":{"line":125,"column":8},"end":{"line":125,"column":42}},"31":{"start":{"line":129,"column":8},"end":{"line":129,"column":34}},"32":{"start":{"line":130,"column":8},"end":{"line":130,"column":45}},"33":{"start":{"line":131,"column":8},"end":{"line":131,"column":37}},"34":{"start":{"line":135,"column":8},"end":{"line":135,"column":37}},"35":{"start":{"line":136,"column":8},"end":{"line":136,"column":45}},"36":{"start":{"line":137,"column":8},"end":{"line":137,"column":39}},"37":{"start":{"line":143,"column":8},"end":{"line":143,"column":44}},"38":{"start":{"line":147,"column":8},"end":{"line":147,"column":36}},"39":{"start":{"line":148,"column":8},"end":{"line":148,"column":47}},"40":{"start":{"line":149,"column":8},"end":{"line":149,"column":37}},"41":{"start":{"line":153,"column":8},"end":{"line":153,"column":39}},"42":{"start":{"line":154,"column":8},"end":{"line":154,"column":47}},"43":{"start":{"line":155,"column":8},"end":{"line":155,"column":39}},"44":{"start":{"line":161,"column":8},"end":{"line":161,"column":45}},"45":{"start":{"line":165,"column":8},"end":{"line":165,"column":37}},"46":{"start":{"line":166,"column":8},"end":{"line":166,"column":48}},"47":{"start":{"line":167,"column":8},"end":{"line":167,"column":37}},"48":{"start":{"line":171,"column":8},"end":{"line":171,"column":40}},"49":{"start":{"line":172,"column":8},"end":{"line":172,"column":48}},"50":{"start":{"line":173,"column":8},"end":{"line":173,"column":39}}},"branchMap":{"1":{"line":46,"type":"if","locations":[{"start":{"line":46,"column":8},"end":{"line":46,"column":8}},{"start":{"line":46,"column":8},"end":{"line":46,"column":8}}]}}},"contracts/roles/AgentRolesUpgradeable.sol":{"l":{"48":0,"49":0,"55":0,"59":0,"60":0,"61":0,"65":0,"66":0,"67":0,"73":0,"77":0,"78":0,"79":0,"83":0,"84":0,"85":0,"91":0,"95":0,"96":0,"97":0,"101":0,"102":0,"103":0,"109":0,"113":0,"114":0,"115":0,"119":0,"120":0,"121":0,"127":0,"131":0,"132":0,"133":0,"137":0,"138":0,"139":0,"145":0,"149":0,"150":0,"151":0,"155":0,"156":0,"157":0,"163":0,"167":0,"168":0,"169":0,"173":0,"174":0,"175":0},"path":"/home/mayank/security-token-3/T-REX/contracts/roles/AgentRolesUpgradeable.sol","s":{"1":0,"2":0,"3":0,"4":0,"5":0,"6":0,"7":0,"8":0,"9":0,"10":0,"11":0,"12":0,"13":0,"14":0,"15":0,"16":0,"17":0,"18":0,"19":0,"20":0,"21":0,"22":0,"23":0,"24":0,"25":0,"26":0,"27":0,"28":0,"29":0,"30":0,"31":0,"32":0,"33":0,"34":0,"35":0,"36":0,"37":0,"38":0,"39":0,"40":0,"41":0,"42":0,"43":0,"44":0,"45":0,"46":0,"47":0,"48":0,"49":0,"50":0},"b":{"1":[0,0]},"f":{"1":0,"2":0,"3":0,"4":0,"5":0,"6":0,"7":0,"8":0,"9":0,"10":0,"11":0,"12":0,"13":0,"14":0,"15":0,"16":0,"17":0,"18":0,"19":0,"20":0,"21":0,"22":0},"fnMap":{"1":{"name":"onlyAdmin","line":47,"loc":{"start":{"line":47,"column":4},"end":{"line":50,"column":4}}},"2":{"name":"isAgentAdmin","line":54,"loc":{"start":{"line":54,"column":4},"end":{"line":56,"column":4}}},"3":{"name":"addAgentAdmin","line":58,"loc":{"start":{"line":58,"column":4},"end":{"line":62,"column":4}}},"4":{"name":"removeAgentAdmin","line":64,"loc":{"start":{"line":64,"column":4},"end":{"line":68,"column":4}}},"5":{"name":"isSupplyModifier","line":72,"loc":{"start":{"line":72,"column":4},"end":{"line":74,"column":4}}},"6":{"name":"addSupplyModifier","line":76,"loc":{"start":{"line":76,"column":4},"end":{"line":80,"column":4}}},"7":{"name":"removeSupplyModifier","line":82,"loc":{"start":{"line":82,"column":4},"end":{"line":86,"column":4}}},"8":{"name":"isFreezer","line":90,"loc":{"start":{"line":90,"column":4},"end":{"line":92,"column":4}}},"9":{"name":"addFreezer","line":94,"loc":{"start":{"line":94,"column":4},"end":{"line":98,"column":4}}},"10":{"name":"removeFreezer","line":100,"loc":{"start":{"line":100,"column":4},"end":{"line":104,"column":4}}},"11":{"name":"isTransferManager","line":108,"loc":{"start":{"line":108,"column":4},"end":{"line":110,"column":4}}},"12":{"name":"addTransferManager","line":112,"loc":{"start":{"line":112,"column":4},"end":{"line":116,"column":4}}},"13":{"name":"removeTransferManager","line":118,"loc":{"start":{"line":118,"column":4},"end":{"line":122,"column":4}}},"14":{"name":"isRecoveryAgent","line":126,"loc":{"start":{"line":126,"column":4},"end":{"line":128,"column":4}}},"15":{"name":"addRecoveryAgent","line":130,"loc":{"start":{"line":130,"column":4},"end":{"line":134,"column":4}}},"16":{"name":"removeRecoveryAgent","line":136,"loc":{"start":{"line":136,"column":4},"end":{"line":140,"column":4}}},"17":{"name":"isComplianceAgent","line":144,"loc":{"start":{"line":144,"column":4},"end":{"line":146,"column":4}}},"18":{"name":"addComplianceAgent","line":148,"loc":{"start":{"line":148,"column":4},"end":{"line":152,"column":4}}},"19":{"name":"removeComplianceAgent","line":154,"loc":{"start":{"line":154,"column":4},"end":{"line":158,"column":4}}},"20":{"name":"isWhiteListManager","line":162,"loc":{"start":{"line":162,"column":4},"end":{"line":164,"column":4}}},"21":{"name":"addWhiteListManager","line":166,"loc":{"start":{"line":166,"column":4},"end":{"line":170,"column":4}}},"22":{"name":"removeWhiteListManager","line":172,"loc":{"start":{"line":172,"column":4},"end":{"line":176,"column":4}}}},"statementMap":{"1":{"start":{"line":48,"column":8},"end":{"line":48,"column":96}},"2":{"start":{"line":55,"column":8},"end":{"line":55,"column":38}},"3":{"start":{"line":59,"column":8},"end":{"line":59,"column":30}},"4":{"start":{"line":60,"column":8},"end":{"line":60,"column":42}},"5":{"start":{"line":61,"column":8},"end":{"line":61,"column":37}},"6":{"start":{"line":65,"column":8},"end":{"line":65,"column":33}},"7":{"start":{"line":66,"column":8},"end":{"line":66,"column":42}},"8":{"start":{"line":67,"column":8},"end":{"line":67,"column":39}},"9":{"start":{"line":73,"column":8},"end":{"line":73,"column":43}},"10":{"start":{"line":77,"column":8},"end":{"line":77,"column":35}},"11":{"start":{"line":78,"column":8},"end":{"line":78,"column":46}},"12":{"start":{"line":79,"column":8},"end":{"line":79,"column":37}},"13":{"start":{"line":83,"column":8},"end":{"line":83,"column":38}},"14":{"start":{"line":84,"column":8},"end":{"line":84,"column":46}},"15":{"start":{"line":85,"column":8},"end":{"line":85,"column":39}},"16":{"start":{"line":91,"column":8},"end":{"line":91,"column":36}},"17":{"start":{"line":95,"column":8},"end":{"line":95,"column":28}},"18":{"start":{"line":96,"column":8},"end":{"line":96,"column":39}},"19":{"start":{"line":97,"column":8},"end":{"line":97,"column":37}},"20":{"start":{"line":101,"column":8},"end":{"line":101,"column":31}},"21":{"start":{"line":102,"column":8},"end":{"line":102,"column":39}},"22":{"start":{"line":103,"column":8},"end":{"line":103,"column":39}},"23":{"start":{"line":109,"column":8},"end":{"line":109,"column":44}},"24":{"start":{"line":113,"column":8},"end":{"line":113,"column":36}},"25":{"start":{"line":114,"column":8},"end":{"line":114,"column":47}},"26":{"start":{"line":115,"column":8},"end":{"line":115,"column":37}},"27":{"start":{"line":119,"column":8},"end":{"line":119,"column":39}},"28":{"start":{"line":120,"column":8},"end":{"line":120,"column":47}},"29":{"start":{"line":121,"column":8},"end":{"line":121,"column":39}},"30":{"start":{"line":127,"column":8},"end":{"line":127,"column":42}},"31":{"start":{"line":131,"column":8},"end":{"line":131,"column":34}},"32":{"start":{"line":132,"column":8},"end":{"line":132,"column":45}},"33":{"start":{"line":133,"column":8},"end":{"line":133,"column":37}},"34":{"start":{"line":137,"column":8},"end":{"line":137,"column":37}},"35":{"start":{"line":138,"column":8},"end":{"line":138,"column":45}},"36":{"start":{"line":139,"column":8},"end":{"line":139,"column":39}},"37":{"start":{"line":145,"column":8},"end":{"line":145,"column":44}},"38":{"start":{"line":149,"column":8},"end":{"line":149,"column":36}},"39":{"start":{"line":150,"column":8},"end":{"line":150,"column":47}},"40":{"start":{"line":151,"column":8},"end":{"line":151,"column":37}},"41":{"start":{"line":155,"column":8},"end":{"line":155,"column":39}},"42":{"start":{"line":156,"column":8},"end":{"line":156,"column":47}},"43":{"start":{"line":157,"column":8},"end":{"line":157,"column":39}},"44":{"start":{"line":163,"column":8},"end":{"line":163,"column":45}},"45":{"start":{"line":167,"column":8},"end":{"line":167,"column":37}},"46":{"start":{"line":168,"column":8},"end":{"line":168,"column":48}},"47":{"start":{"line":169,"column":8},"end":{"line":169,"column":37}},"48":{"start":{"line":173,"column":8},"end":{"line":173,"column":40}},"49":{"start":{"line":174,"column":8},"end":{"line":174,"column":48}},"50":{"start":{"line":175,"column":8},"end":{"line":175,"column":39}}},"branchMap":{"1":{"line":48,"type":"if","locations":[{"start":{"line":48,"column":8},"end":{"line":48,"column":8}},{"start":{"line":48,"column":8},"end":{"line":48,"column":8}}]}}},"contracts/roles/AgentRoleUpgradeable.sol":{"l":{"40":0,"41":0,"45":0,"49":0,"50":0,"54":0,"55":0},"path":"/home/mayank/security-token-3/T-REX/contracts/roles/AgentRoleUpgradeable.sol","s":{"1":0,"2":0,"3":0,"4":0,"5":0,"6":0},"b":{"1":[0,0]},"f":{"1":0,"2":0,"3":0,"4":0},"fnMap":{"1":{"name":"onlyAgent","line":39,"loc":{"start":{"line":39,"column":4},"end":{"line":42,"column":4}}},"2":{"name":"isAgent","line":44,"loc":{"start":{"line":44,"column":4},"end":{"line":46,"column":4}}},"3":{"name":"addAgent","line":48,"loc":{"start":{"line":48,"column":4},"end":{"line":51,"column":4}}},"4":{"name":"removeAgent","line":53,"loc":{"start":{"line":53,"column":4},"end":{"line":56,"column":4}}}},"statementMap":{"1":{"start":{"line":40,"column":8},"end":{"line":40,"column":85}},"2":{"start":{"line":45,"column":8},"end":{"line":45,"column":34}},"3":{"start":{"line":49,"column":8},"end":{"line":49,"column":26}},"4":{"start":{"line":50,"column":8},"end":{"line":50,"column":31}},"5":{"start":{"line":54,"column":8},"end":{"line":54,"column":29}},"6":{"start":{"line":55,"column":8},"end":{"line":55,"column":33}}},"branchMap":{"1":{"line":40,"type":"
[...]
41":0,"42":0,"43":0,"44":0,"45":0,"46":0,"47":0,"48":0,"49":0,"50":0},"fnMap":{"1":{"name":"init","line":59,"loc":{"start":{"line":52,"column":4},"end":{"line":70,"column":4}}},"2":{"name":"whenNotPaused","line":73,"loc":{"start":{"line":73,"column":4},"end":{"line":76,"column":4}}},"3":{"name":"whenPaused","line":79,"loc":{"start":{"line":79,"column":4},"end":{"line":82,"column":4}}},"4":{"name":"totalSupply","line":87,"loc":{"start":{"line":87,"column":4},"end":{"line":89,"column":4}}},"5":{"name":"balanceOf","line":94,"loc":{"start":{"line":94,"column":4},"end":{"line":96,"column":4}}},"6":{"name":"allowance","line":101,"loc":{"start":{"line":101,"column":4},"end":{"line":103,"column":4}}},"7":{"name":"approve","line":108,"loc":{"start":{"line":108,"column":4},"end":{"line":111,"column":4}}},"8":{"name":"increaseAllowance","line":116,"loc":{"start":{"line":116,"column":4},"end":{"line":119,"column":4}}},"9":{"name":"decreaseAllowance","line":124,"loc":{"start":{"line":124,"column":4},"end":{"line":127,"column":4}}},"10":{"name":"_transfer","line":132,"loc":{"start":{"line":132,"column":4},"end":{"line":145,"column":4}}},"11":{"name":"_mint","line":150,"loc":{"start":{"line":150,"column":4},"end":{"line":158,"column":4}}},"12":{"name":"_burn","line":163,"loc":{"start":{"line":163,"column":4},"end":{"line":171,"column":4}}},"13":{"name":"_approve","line":176,"loc":{"start":{"line":176,"column":4},"end":{"line":186,"column":4}}},"14":{"name":"_beforeTokenTransfer","line":191,"loc":{"start":{"line":191,"column":4},"end":{"line":195,"column":24}}},"15":{"name":"decimals","line":200,"loc":{"start":{"line":200,"column":4},"end":{"line":202,"column":4}}},"16":{"name":"name","line":207,"loc":{"start":{"line":207,"column":4},"end":{"line":209,"column":4}}},"17":{"name":"onchainID","line":214,"loc":{"start":{"line":214,"column":4},"end":{"line":216,"column":4}}},"18":{"name":"symbol","line":221,"loc":{"start":{"line":221,"column":4},"end":{"line":223,"column":4}}},"19":{"name":"version","line":228,"loc":{"start":{"line":228,"column":4},"end":{"line":230,"column":4}}},"20":{"name":"setName","line":235,"loc":{"start":{"line":235,"column":4},"end":{"line":238,"column":4}}},"21":{"name":"setSymbol","line":243,"loc":{"start":{"line":243,"column":4},"end":{"line":246,"column":4}}},"22":{"name":"setOnchainID","line":251,"loc":{"start":{"line":251,"column":4},"end":{"line":254,"column":4}}},"23":{"name":"paused","line":259,"loc":{"start":{"line":259,"column":4},"end":{"line":261,"column":4}}},"24":{"name":"isFrozen","line":266,"loc":{"start":{"line":266,"column":4},"end":{"line":268,"column":4}}},"25":{"name":"getFrozenTokens","line":273,"loc":{"start":{"line":273,"column":4},"end":{"line":275,"column":4}}},"26":{"name":"transfer","line":286,"loc":{"start":{"line":286,"column":4},"end":{"line":295,"column":4}}},"27":{"name":"pause","line":300,"loc":{"start":{"line":300,"column":4},"end":{"line":303,"column":4}}},"28":{"name":"unpause","line":308,"loc":{"start":{"line":308,"column":4},"end":{"line":311,"column":4}}},"29":{"name":"identityRegistry","line":316,"loc":{"start":{"line":316,"column":4},"end":{"line":318,"column":4}}},"30":{"name":"compliance","line":323,"loc":{"start":{"line":323,"column":4},"end":{"line":325,"column":4}}},"31":{"name":"batchTransfer","line":330,"loc":{"start":{"line":330,"column":4},"end":{"line":334,"column":4}}},"32":{"name":"transferFrom","line":350,"loc":{"start":{"line":346,"column":4},"end":{"line":361,"column":4}}},"33":{"name":"forcedTransfer","line":370,"loc":{"start":{"line":366,"column":4},"end":{"line":383,"column":4}}},"34":{"name":"batchForcedTransfer","line":388,"loc":{"start":{"line":388,"column":4},"end":{"line":396,"column":4}}},"35":{"name":"mint","line":401,"loc":{"start":{"line":401,"column":4},"end":{"line":406,"column":4}}},"36":{"name":"batchMint","line":411,"loc":{"start":{"line":411,"column":4},"end":{"line":415,"column":4}}},"37":{"name":"burn","line":420,"loc":{"start":{"line":420,"column":4},"end":{"line":429,"column":4}}},"38":{"name":"batchBurn","line":434,"loc":{"start":{"line":434,"column":4},"end":{"line":438,"column":4}}},"39":{"name":"setAddressFrozen","line":443,"loc":{"start":{"line":443,"column":4},"end":{"line":447,"column":4}}},"40":{"name":"batchSetAddressFrozen","line":452,"loc":{"start":{"line":452,"column":4},"end":{"line":456,"column":4}}},"41":{"name":"freezePartialTokens","line":461,"loc":{"start":{"line":461,"column":4},"end":{"line":466,"column":4}}},"42":{"name":"batchFreezePartialTokens","line":471,"loc":{"start":{"line":471,"column":4},"end":{"line":475,"column":4}}},"43":{"name":"unfreezePartialTokens","line":480,"loc":{"start":{"line":480,"column":4},"end":{"line":484,"column":4}}},"44":{"name":"batchUnfreezePartialTokens","line":489,"loc":{"start":{"line":489,"column":4},"end":{"line":493,"column":4}}},"45":{"name":"setIdentityRegistry","line":498,"loc":{"start":{"line":498,"column":4},"end":{"line":501,"column":4}}},"46":{"name":"setCompliance","line":506,"loc":{"start":{"line":506,"column":4},"end":{"line":509,"column":4}}},"47":{"name":"recoveryAddress","line":518,"loc":{"start":{"line":514,"column":4},"end":{"line":538,"column":4}}},"48":{"name":"transferOwnershipOnTokenContract","line":543,"loc":{"start":{"line":543,"column":4},"end":{"line":545,"column":4}}},"49":{"name":"addAgentOnTokenContract","line":550,"loc":{"start":{"line":550,"column":4},"end":{"line":552,"column":4}}},"50":{"name":"removeAgentOnTokenContract","line":557,"loc":{"start":{"line":557,"column":4},"end":{"line":559,"column":4}}}},"statementMap":{"1":{"start":{"line":60,"column":8},"end":{"line":60,"column":24}},"2":{"start":{"line":61,"column":8},"end":{"line":61,"column":28}},"3":{"start":{"line":62,"column":8},"end":{"line":62,"column":32}},"4":{"start":{"line":63,"column":8},"end":{"line":63,"column":34}},"5":{"start":{"line":64,"column":8},"end":{"line":64,"column":67}},"6":{"start":{"line":65,"column":8},"end":{"line":65,"column":53}},"7":{"start":{"line":66,"column":8},"end":{"line":66,"column":49}},"8":{"start":{"line":67,"column":8},"end":{"line":67,"column":41}},"9":{"start":{"line":68,"column":8},"end":{"line":68,"column":106}},"10":{"start":{"line":69,"column":8},"end":{"line":69,"column":23}},"11":{"start":{"line":74,"column":8},"end":{"line":74,"column":48}},"12":{"start":{"line":80,"column":8},"end":{"line":80,"column":51}},"13":{"start":{"line":88,"column":8},"end":{"line":88,"column":27}},"14":{"start":{"line":95,"column":8},"end":{"line":95,"column":38}},"15":{"start":{"line":102,"column":8},"end":{"line":102,"column":44}},"16":{"start":{"line":109,"column":8},"end":{"line":109,"column":46}},"17":{"start":{"line":110,"column":8},"end":{"line":110,"column":19}},"18":{"start":{"line":117,"column":8},"end":{"line":117,"column":88}},"19":{"start":{"line":118,"column":8},"end":{"line":118,"column":19}},"20":{"start":{"line":125,"column":8},"end":{"line":125,"column":91}},"21":{"start":{"line":126,"column":8},"end":{"line":126,"column":19}},"22":{"start":{"line":137,"column":8},"end":{"line":137,"column":76}},"23":{"start":{"line":138,"column":8},"end":{"line":138,"column":72}},"24":{"start":{"line":140,"column":8},"end":{"line":140,"column":48}},"25":{"start":{"line":142,"column":8},"end":{"line":142,"column":52}},"26":{"start":{"line":143,"column":8},"end":{"line":143,"column":48}},"27":{"start":{"line":144,"column":8},"end":{"line":144,"column":42}},"28":{"start":{"line":151,"column":8},"end":{"line":151,"column":77}},"29":{"start":{"line":153,"column":8},"end":{"line":153,"column":62}},"30":{"start":{"line":155,"column":8},"end":{"line":155,"column":44}},"31":{"start":{"line":156,"column":8},"end":{"line":156,"column":66}},"32":{"start":{"line":157,"column":8},"end":{"line":157,"column":56}},"33":{"start":{"line":164,"column":8},"end":{"line":164,"column":79}},"34":{"start":{"line":166,"column":8},"end":{"line":166,"column":62}},"35":{"start":{"line":168,"column":8},"end":{"line":168,"column":66}},"36":{"start":{"line":169,"column":8},"end":{"line":169,"column":44}},"37":{"start":{"line":170,"column":8},"end":{"line":170,"column":56}},"38":{"start":{"line":181,"column":8},"end":{"line":181,"column":76}},"39":{"start":{"line":182,"column":8},"end":{"line":182,"column":76}},"40":{"start":{"line":184,"column":8},"end":{"line":184,"column":46}},"41":{"start":{"line":185,"column":8},"end":{"line":185,"column":48}},"42":{"start":{"line":201,"column":8},"end":{"line":201,"column":28}},"43":{"start":{"line":208,"column":8},"end":{"line":208,"column":24}},"44":{"start":{"line":215,"column":8},"end":{"line":215,"column":29}},"45":{"start":{"line":222,"column":8},"end":{"line":222,"column":26}},"46":{"start":{"line":229,"column":8},"end":{"line":229,"column":28}},"47":{"start":{"line":236,"column":8},"end":{"line":236,"column":24}},"48":{"start":{"line":237,"column":8},"end":{"line":237,"column":106}},"49":{"start":{"line":244,"column":8},"end":{"line":244,"column":28}},"50":{"start":{"line":245,"column":8},"end":{"line":245,"column":106}},"51":{"start":{"line":252,"column":8},"end":{"line":252,"column":34}},"52":{"start":{"line":253,"column":8},"end":{"line":253,"column":106}},"53":{"start":{"line":260,"column":8},"end":{"line":260,"column":26}},"54":{"start":{"line":267,"column":8},"end":{"line":267,"column":35}},"55":{"start":{"line":274,"column":8},"end":{"line":274,"column":41}},"56":{"start":{"line":287,"column":8},"end":{"line":287,"column":71}},"57":{"start":{"line":288,"column":8},"end":{"line":288,"column":101}},"58":{"start":{"line":289,"column":8},"end":{"line":289,"column":9681}},"59":{"start":{"line":290,"column":12},"end":{"line":290,"column":64}},"60":{"start":{"line":291,"column":12},"end":{"line":291,"column":46}},"61":{"start":{"line":292,"column":12},"end":{"line":292,"column":23}},"62":{"start":{"line":294,"column":8},"end":{"line":294,"column":38}},"63":{"start":{"line":301,"column":8},"end":{"line":301,"column":25}},"64":{"start":{"line":302,"column":8},"end":{"line":302,"column":31}},"65":{"start":{"line":309,"column":8},"end":{"line":309,"column":26}},"66":{"start":{"line":310,"column":8},"end":{"line":310,"column":33}},"67":{"start":{"line":317,"column":8},"end":{"line":317,"column":36}},"68":{"start":{"line":324,"column":8},"end":{"line":324,"column":30}},"69":{"start":{"line":331,"column":8},"end":{"line":331,"column":10875}},"70":{"start":{"line":332,"column":12},"end":{"line":332,"column":44}},"71":{"start":{"line":351,"column":8},"end":{"line":351,"column":66}},"72":{"start":{"line":352,"column":8},"end":{"line":352,"column":91}},"73":{"start":{"line":353,"column":8},"end":{"line":353,"column":11818}},"74":{"start":{"line":354,"column":12},"end":{"line":354,"column":59}},"75":{"start":{"line":355,"column":12},"end":{"line":355,"column":41}},"76":{"start":{"line":356,"column":12},"end":{"line":356,"column":82}},"77":{"start":{"line":357,"column":12},"end":{"line":357,"column":23}},"78":{"start":{"line":360,"column":8},"end":{"line":360,"column":38}},"79":{"start":{"line":371,"column":8},"end":{"line":371,"column":70}},"80":{"start":{"line":372,"column":8},"end":{"line":372,"column":12474}},"81":{"start":{"line":373,"column":12},"end":{"line":373,"column":62}},"82":{"start":{"line":374,"column":12},"end":{"line":374,"column":73}},"83":{"start":{"line":375,"column":12},"end":{"line":375,"column":56}},"84":{"start":{"line":377,"column":8},"end":{"line":377,"column":12719}},"85":{"start":{"line":378,"column":12},"end":{"line":378,"column":59}},"86":{"start":{"line":379,"column":12},"end":{"line":379,"column":41}},"87":{"start":{"line":380,"column":12},"end":{"line":380,"column":23}},"88":{"start":{"line":382,"column":8},"end":{"line":382,"column":38}},"89":{"start":{"line":393,"column":8},"end":{"line":393,"column":13194}},"90":{"start":{"line":394,"column":12},"end":{"line":394,"column":64}},"91":{"start":{"line":402,"column":8},"end":{"line":402,"column":82}},"92":{"start":{"line":403,"column":8},"end":{"line":403,"column":96}},"93":{"start":{"line":404,"column":8},"end":{"line":404,"column":26}},"94":{"start":{"line":405,"column":8},"end":{"line":405,"column":44}},"95":{"start":{"line":412,"column":8},"end":{"line":412,"column":13879}},"96":{"start":{"line":413,"column":12},"end":{"line":413,"column":40}},"97":{"start":{"line":421,"column":8},"end":{"line":421,"column":82}},"98":{"start":{"line":422,"column":8},"end":{"line":422,"column":14211}},"99":{"start":{"line":423,"column":12},"end":{"line":423,"column":62}},"100":{"start":{"line":424,"column":12},"end":{"line":424,"column":87}},"101":{"start":{"line":425,"column":12},"end":{"line":425,"column":63}},"102":{"start":{"line":427,"column":8},"end":{"line":427,"column":35}},"103":{"start":{"line":428,"column":8},"end":{"line":428,"column":55}},"104":{"start":{"line":435,"column":8},"end":{"line":435,"column":14740}},"105":{"start":{"line":436,"column":12},"end":{"line":436,"column":47}},"106":{"start":{"line":444,"column":8},"end":{"line":444,"column":37}},"107":{"start":{"line":446,"column":8},"end":{"line":446,"column":61}},"108":{"start":{"line":453,"column":8},"end":{"line":453,"column":15314}},"109":{"start":{"line":454,"column":12},"end":{"line":454,"column":58}},"110":{"start":{"line":462,"column":8},"end":{"line":462,"column":49}},"111":{"start":{"line":463,"column":8},"end":{"line":463,"column":99}},"112":{"start":{"line":464,"column":8},"end":{"line":464,"column":74}},"113":{"start":{"line":465,"column":8},"end":{"line":465,"column":48}},"114":{"start":{"line":472,"column":8},"end":{"line":472,"column":16094}},"115":{"start":{"line":473,"column":12},"end":{"line":473,"column":62}},"116":{"start":{"line":481,"column":8},"end":{"line":481,"column":109}},"117":{"start":{"line":482,"column":8},"end":{"line":482,"column":74}},"118":{"start":{"line":483,"column":8},"end":{"line":483,"column":50}},"119":{"start":{"line":490,"column":8},"end":{"line":490,"column":16847}},"120":{"start":{"line":491,"column":12},"end":{"line":491,"column":64}},"121":{"start":{"line":499,"column":8},"end":{"line":499,"column":67}},"122":{"start":{"line":500,"column":8},"end":{"line":500,"column":53}},"123":{"start":{"line":507,"column":8},"end":{"line":507,"column":49}},"124":{"start":{"line":508,"column":8},"end":{"line":508,"column":41}},"125":{"start":{"line":519,"column":8},"end":{"line":519,"column":67}},"126":{"start":{"line":520,"column":8},"end":{"line":520,"column":60}},"127":{"start":{"line":521,"column":8},"end":{"line":521,"column":56}},"128":{"start":{"line":522,"column":8},"end":{"line":522,"column":17937}},"129":{"start":{"line":523,"column":12},"end":{"line":523,"column":59}},"130":{"start":{"line":524,"column":12},"end":{"line":524,"column":61}},"131":{"start":{"line":525,"column":12},"end":{"line":525,"column":125}},"132":{"start":{"line":526,"column":12},"end":{"line":526,"column":60}},"133":{"start":{"line":527,"column":12},"end":{"line":527,"column":66}},"134":{"start":{"line":528,"column":12},"end":{"line":528,"column":18378}},"135":{"start":{"line":529,"column":16},"end":{"line":529,"column":61}},"136":{"start":{"line":531,"column":12},"end":{"line":531,"column":18493}},"137":{"start":{"line":532,"column":16},"end":{"line":532,"column":49}},"138":{"start":{"line":534,"column":12},"end":{"line":534,"column":77}},"139":{"start":{"line":535,"column":12},"end":{"line":535,"column":23}},"140":{"start":{"line":537,"column":8},"end":{"line":537,"column":38}},"141":{"start":{"line":544,"column":8},"end":{"line":544,"column":35}},"142":{"start":{"line":551,"column":8},"end":{"line":551,"column":23}},"143":{"start":{"line":558,"column":8},"end":{"line":558,"column":26}}},"branchMap":{"1":{"line":74,"type":"if","locations":[{"start":{"line":74,"column":8},"end":{"line":74,"column":8}},{"start":{"line":74,"column":8},"end":{"line":74,"column":8}}]},"2":{"line":80,"type":"if","locations":[{"start":{"line":80,"column":8},"end":{"line":80,"column":8}},{"start":{"line":80,"column":8},"end":{"line":80,"column":8}}]},"3":{"line":137,"type":"if","locations":[{"start":{"line":137,"column":8},"end":{"line":137,"column":8}},{"start":{"line":137,"column":8},"end":{"line":137,"column":8}}]},"4":{"line":138,"type":"if","locations":[{"start":{"line":138,"column":8},"end":{"line":138,"column":8}},{"start":{"line":138,"column":8},"end":{"line":138,"column":8}}]},"5":{"line":151,"type":"if","locations":[{"start":{"line":151,"column":8},"end":{"line":151,"column":8}},{"start":{"line":151,"column":8},"end":{"line":151,"column":8}}]},"6":{"line":164,"type":"if","locations":[{"start":{"line":164,"column":8},"end":{"line":164,"column":8}},{"start":{"line":164,"column":8},"end":{"line":164,"column":8}}]},"7":{"line":181,"type":"if","locations":[{"start":{"line":181,"column":8},"end":{"line":181,"column":8}},{"start":{"line":181,"column":8},"end":{"line":181,"column":8}}]},"8":{"line":182,"type":"if","locations":[{"start":{"line":182,"column":8},"end":{"line":182,"column":8}},{"start":{"line":182,"column":8},"end":{"line":182,"column":8}}]},"9":{"line":287,"type":"if","locations":[{"start":{"line":287,"column":8},"end":{"line":287,"column":8}},{"start":{"line":287,"column":8},"end":{"line":287,"column":8}}]},"10":{"line":288,"type":"if","locations":[{"start":{"line":288,"column":8},"end":{"line":288,"column":8}},{"start":{"line":288,"column":8},"end":{"line":288,"column":8}}]},"11":{"line":289,"type":"if","locations":[{"start":{"line":289,"column":8},"end":{"line":289,"column":8}},{"start":{"line":289,"column":8},"end":{"line":289,"column":8}}]},"12":{"line":351,"type":"if","locations":[{"start":{"line":351,"column":8},"end":{"line":351,"column":8}},{"start":{"line":351,"column":8},"end":{"line":351,"column":8}}]},"13":{"line":352,"type":"if","locations":[{"start":{"line":352,"column":8},"end":{"line":352,"column":8}},{"start":{"line":352,"column":8},"end":{"line":352,"column":8}}]},"14":{"line":353,"type":"if","locations":[{"start":{"line":353,"column":8},"end":{"line":353,"column":8}},{"start":{"line":353,"column":8},"end":{"line":353,"column":8}}]},"15":{"line":372,"type":"if","locations":[{"start":{"line":372,"column":8},"end":{"line":372,"column":8}},{"start":{"line":372,"column":8},"end":{"line":372,"column":8}}]},"16":{"line":377,"type":"if","locations":[{"start":{"line":377,"column":8},"end":{"line":377,"column":8}},{"start":{"line":377,"column":8},"end":{"line":377,"column":8}}]},"17":{"line":402,"type":"if","locations":[{"start":{"line":402,"column":8},"end":{"line":402,"column":8}},{"start":{"line":402,"column":8},"end":{"line":402,"column":8}}]},"18":{"line":403,"type":"if","locations":[{"start":{"line":403,"column":8},"end":{"line":403,"column":8}},{"start":{"line":403,"column":8},"end":{"line":403,"column":8}}]},"19":{"line":422,"type":"if","locations":[{"start":{"line":422,"column":8},"end":{"line":422,"column":8}},{"start":{"line":422,"column":8},"end":{"line":422,"column":8}}]},"20":{"line":463,"type":"if","locations":[{"start":{"line":463,"column":8},"end":{"line":463,"column":8}},{"start":{"line":463,"column":8},"end":{"line":463,"column":8}}]},"21":{"line":481,"type":"if","locations":[{"start":{"line":481,"column":8},"end":{"line":481,"column":8}},{"start":{"line":481,"column":8},"end":{"line":481,"column":8}}]},"22":{"line":519,"type":"if","locations":[{"start":{"line":519,"column":8},"end":{"line":519,"column":8}},{"start":{"line":519,"column":8},"end":{"line":519,"column":8}}]},"23":{"line":522,"type":"if","locations":[{"start":{"line":522,"column":8},"end":{"line":522,"column":8}},{"start":{"line":522,"column":8},"end":{"line":522,"column":8}}]},"24":{"line":528,"type":"if","locations":[{"start":{"line":528,"column":12},"end":{"line":528,"column":12}},{"start":{"line":528,"column":12},"end":{"line":528,"column":12}}]},"25":{"line":531,"type":"if","locations":[{"start":{"line":531,"column":12},"end":{"line":531,"column":12}},{"start":{"line":531,"column":12},"end":{"line":531,"column":12}}]}}}}