TN:
SF:/home/mayank/security-token-3/T-REX/contracts/compliance/DefaultCompliance.sol
FN:42,isTokenAgent
FN:49,isTokenBound
FN:56,addTokenAgent
FN:65,removeTokenAgent
FN:74,bindToken
FN:83,unbindToken
FN:92,canTransfer
FN:103,transferred
FN:112,created
FN:117,destroyed
FN:122,transferOwnershipOnComplianceContract
FNF:11
FNH:0
FNDA:0,isTokenAgent
FNDA:0,isTokenBound
FNDA:0,addTokenAgent
FNDA:0,removeTokenAgent
FNDA:0,bindToken
FNDA:0,unbindToken
FNDA:0,canTransfer
FNDA:0,transferred
FNDA:0,created
FNDA:0,destroyed
FNDA:0,transferOwnershipOnComplianceContract
DA:43,0
DA:50,0
DA:57,0
DA:58,0
DA:59,0
DA:66,0
DA:67,0
DA:68,0
DA:75,0
DA:76,0
DA:77,0
DA:84,0
DA:85,0
DA:86,0
DA:97,0
DA:123,0
LF:16
LH:0
BRDA:57,1,0,0
BRDA:57,1,1,0
BRDA:66,2,0,0
BRDA:66,2,1,0
BRDA:75,3,0,0
BRDA:75,3,1,0
BRDA:84,4,0,0
BRDA:84,4,1,0
BRF:8
BRH:0
end_of_record
TN:
SF:/home/mayank/security-token-3/T-REX/contracts/compliance/ICompliance.sol
FNF:0
FNH:0
LF:0
LH:0
BRF:0
BRH:0
end_of_record
TN:
SF:/home/mayank/security-token-3/T-REX/contracts/compliance/LimitHolder.sol
FN:64,onlyToken
FN:82,constructor
FN:92,isTokenAgent
FN:99,isTokenBound
FN:106,addTokenAgent
FN:115,removeTokenAgent
FN:124,bindToken
FN:133,unbindToken
FN:142,isToken
FN:152,setHolderLimit
FN:160,getHolderLimit
FN:167,holderCount
FN:178,holderAt
FN:188,updateShareholders
FN:204,pruneShareholders
FN:225,getShareholderCountByCountry
FN:234,canTransfer
FN:256,transferred
FN:265,created
FN:274,destroyed
FN:281,transferOwnershipOnComplianceContract
FNF:21
FNH:0
FNDA:0,onlyToken
FNDA:0,constructor
FNDA:0,isTokenAgent
FNDA:0,isTokenBound
FNDA:0,addTokenAgent
FNDA:0,removeTokenAgent
FNDA:0,bindToken
FNDA:0,unbindToken
FNDA:0,isToken
FNDA:0,setHolderLimit
FNDA:0,getHolderLimit
FNDA:0,holderCount
FNDA:0,holderAt
FNDA:0,updateShareholders
FNDA:0,pruneShareholders
FNDA:0,getShareholderCountByCountry
FNDA:0,canTransfer
FNDA:0,transferred
FNDA:0,created
FNDA:0,destroyed
FNDA:0,transferOwnershipOnComplianceContract
DA:65,0
DA:66,0
DA:83,0
DA:84,0
DA:85,0
DA:86,0
DA:93,0
DA:100,0
DA:107,0
DA:108,0
DA:109,0
DA:116,0
DA:117,0
DA:118,0
DA:125,0
DA:126,0
DA:127,0
DA:134,0
DA:135,0
DA:136,0
DA:143,0
DA:153,0
DA:154,0
DA:161,0
DA:168,0
DA:179,0
DA:180,0
DA:189,0
DA:190,0
DA:191,0
DA:192,0
DA:193,0
DA:205,0
DA:206,0
DA:207,0
DA:208,0
DA:210,0
DA:211,0
DA:212,0
DA:213,0
DA:214,0
DA:215,0
DA:216,0
DA:217,0
DA:218,0
DA:226,0
DA:239,0
DA:240,0
DA:242,0
DA:243,0
DA:245,0
DA:257,0
DA:258,0
DA:266,0
DA:267,0
DA:275,0
DA:282,0
LF:57
LH:0
BRDA:65,1,0,0
BRDA:65,1,1,0
BRDA:107,2,0,0
BRDA:107,2,1,0
BRDA:116,3,0,0
BRDA:116,3,1,0
BRDA:125,4,0,0
BRDA:125,4,1,0
BRDA:134,5,0,0
BRDA:134,5,1,0
BRDA:179,6,0,0
BRDA:179,6,1,0
BRDA:189,7,0,0
BRDA:189,7,1,0
BRDA:205,8,0,0
BRDA:205,8,1,0
BRDA:207,9,0,0
BRDA:207,9,1,0
BRDA:239,10,0,0
BRDA:239,10,1,0
BRDA:242,11,0,0
BRDA:242,11,1,0
BRDA:266,12,0,0
BRDA:266,12,1,0
BRF:24
BRH:0
end_of_record
TN:
SF:/home/mayank/security-token-3/T-REX/contracts/DVD/DVDTransferManager.sol
FN:92,constructor
FN:103,calculateParity
FN:115,isTREX
FN:134,isTREXAgent
FN:148,isTREXOwner
FN:166,calculateTransferID
FN:197,modifyFee
FN:241,initiateDVDTransfer
FN:278,takeDVDTransfer
FN:315,cancelDVDTransfer
FN:331,calculateFee
FNF:11
FNH:0
FNDA:0,constructor
FNDA:0,calculateParity
FNDA:0,isTREX
FNDA:0,isTREXAgent
FNDA:0,isTREXOwner
FNDA:0,calculateTransferID
FNDA:0,modifyFee
FNDA:0,initiateDVDTransfer
FNDA:0,takeDVDTransfer
FNDA:0,cancelDVDTransfer
FNDA:0,calculateFee
DA:93,0
DA:104,0
DA:105,0
DA:116,0
DA:117,0
DA:118,0
DA:120,0
DA:123,0
DA:135,0
DA:136,0
DA:138,0
DA:149,0
DA:150,0
DA:152,0
DA:175,0
DA:176,0
DA:198,0
DA:199,0
DA:200,0
DA:201,0
DA:202,0
DA:204,0
DA:205,0
DA:207,0
DA:208,0
DA:209,0
DA:210,0
DA:211,0
DA:212,0
DA:213,0
DA:214,0
DA:215,0
DA:216,0
DA:217,0
DA:218,0
DA:219,0
DA:220,0
DA:221,0
DA:222,0
DA:223,0
DA:224,0
DA:242,0
DA:243,0
DA:244,0
DA:245,0
DA:246,0
DA:247,0
DA:248,0
DA:249,0
DA:250,0
DA:251,0
DA:252,0
DA:253,0
DA:254,0
DA:255,0
DA:256,0
DA:257,0
DA:258,0
DA:279,0
DA:280,0
DA:281,0
DA:282,0
DA:283,0
DA:284,0
DA:285,0
DA:286,0
DA:287,0
DA:288,0
DA:289,0
DA:290,0
DA:292,0
DA:293,0
DA:295,0
DA:296,0
DA:297,0
DA:299,0
DA:300,0
DA:302,0
DA:303,0
DA:304,0
DA:316,0
DA:317,0
DA:318,0
DA:319,0
DA:320,0
DA:321,0
DA:322,0
DA:332,0
DA:333,0
DA:334,0
DA:335,0
DA:336,0
DA:337,0
DA:338,0
DA:339,0
DA:340,0
DA:341,0
DA:342,0
DA:343,0
DA:344,0
DA:345,0
DA:348,0
DA:349,0
DA:350,0
DA:351,0
DA:352,0
LF:106
LH:0
BRDA:117,1,0,0
BRDA:117,1,1,0
BRDA:135,2,0,0
BRDA:135,2,1,0
BRDA:149,3,0,0
BRDA:149,3,1,0
BRDA:198,4,0,0
BRDA:198,4,1,0
BRDA:199,5,0,0
BRDA:199,5,1,0
BRDA:200,6,0,0
BRDA:200,6,1,0
BRDA:201,7,0,0
BRDA:201,7,1,0
BRDA:202,8,0,0
BRDA:202,8,1,0
BRDA:204,9,0,0
BRDA:204,9,1,0
BRDA:205,10,0,0
BRDA:205,10,1,0
BRDA:242,11,0,0
BRDA:242,11,1,0
BRDA:243,12,0,0
BRDA:243,12,1,0
BRDA:244,13,0,0
BRDA:244,13,1,0
BRDA:245,14,0,0
BRDA:245,14,1,0
BRDA:281,15,0,0
BRDA:281,15,1,0
BRDA:284,16,0,0
BRDA:284,16,1,0
BRDA:285,17,0,0
BRDA:285,17,1,0
BRDA:286,18,0,0
BRDA:286,18,1,0
BRDA:288,19,0,0
BRDA:288,19,1,0
BRDA:292,20,0,0
BRDA:292,20,1,0
BRDA:295,21,0,0
BRDA:295,21,1,0
BRDA:299,22,0,0
BRDA:299,22,1,0
BRDA:318,23,0,0
BRDA:318,23,1,0
BRDA:319,24,0,0
BRDA:319,24,1,0
BRDA:335,25,0,0
BRDA:335,25,1,0
BRDA:338,26,0,0
BRDA:338,26,1,0
BRF:52
BRH:0
end_of_record
TN:
SF:/home/mayank/security-token-3/T-REX/contracts/DVD/TestERC20.sol
FN:8,constructor
FN:12,pause
FN:16,unpause
FNF:3
FNH:0
FNDA:0,constructor
FNDA:0,pause
FNDA:0,unpause
DA:9,0
DA:13,0
DA:17,0
LF:3
LH:0
BRF:0
BRH:0
end_of_record
TN:
SF:/home/mayank/security-token-3/T-REX/contracts/proxy/ImplementationAuthority.sol
FN:35,constructor
FN:40,getImplementation
FN:44,updateImplementation
FNF:3
FNH:0
FNDA:0,constructor
FNDA:0,getImplementation
FNDA:0,updateImplementation
DA:36,0
DA:37,0
DA:41,0
DA:45,0
DA:46,0
LF:5
LH:0
BRF:0
BRH:0
end_of_record
TN:
SF:/home/mayank/security-token-3/T-REX/contracts/proxy/TokenProxy.sol
FN:34,constructor
FN:63,
FNF:2
FNH:0
FNDA:0,constructor
FNDA:0,
DA:43,0
DA:45,0
DA:48,0
DA:60,0
DA:64,0
DA:66,0
LF:6
LH:0
BRDA:60,1,0,0
BRDA:60,1,1,0
BRF:2
BRH:0
end_of_record
TN:
SF:/home/mayank/security-token-3/T-REX/contracts/registry/ClaimTopicsRegistry.sol
FN:38,addClaimTopic
FN:50,removeClaimTopic
FN:65,getClaimTopics
FN:72,transferOwnershipOnClaimTopicsRegistryContract
FNF:4
FNH:0
FNDA:0,addClaimTopic
FNDA:0,removeClaimTopic
FNDA:0,getClaimTopics
FNDA:0,transferOwnershipOnClaimTopicsRegistryContract
DA:39,0
DA:40,0
DA:41,0
DA:43,0
DA:44,0
DA:51,0
DA:52,0
DA:53,0
DA:54,0
DA:55,0
DA:56,0
DA:57,0
DA:66,0
DA:73,0
LF:14
LH:0
BRDA:41,1,0,0
BRDA:41,1,1,0
BRDA:53,2,0,0
BRDA:53,2,1,0
BRF:4
BRH:0
end_of_record
TN:
SF:/home/mayank/security-token-3/T-REX/contracts/registry/IClaimTopicsRegistry.sol
FNF:0
FNH:0
LF:0
LH:0
BRF:0
BRH:0
end_of_record
TN:
SF:/home/mayank/security-token-3/T-REX/contracts/registry/IdentityRegistry.sol
FN:56,constructor
FN:72,identity
FN:79,investorCountry
FN:86,issuersRegistry
FN:93,topicsRegistry
FN:100,identityStorage
FN:111,registerIdentity
FN:119,batchRegisterIdentity
FN:132,updateIdentity
FN:141,updateCountry
FN:149,deleteIdentity
FN:157,isVerified
FN:211,setIdentityRegistryStorage
FN:219,setClaimTopicsRegistry
FN:227,setTrustedIssuersRegistry
FN:235,contains
FN:245,transferOwnershipOnIdentityRegistryContract
FN:252,addAgentOnIdentityRegistryContract
FN:259,removeAgentOnIdentityRegistryContract
FNF:19
FNH:0
FNDA:0,constructor
FNDA:0,identity
FNDA:0,investorCountry
FNDA:0,issuersRegistry
FNDA:0,topicsRegistry
FNDA:0,identityStorage
FNDA:0,registerIdentity
FNDA:0,batchRegisterIdentity
FNDA:0,updateIdentity
FNDA:0,updateCountry
FNDA:0,deleteIdentity
FNDA:0,isVerified
FNDA:0,setIdentityRegistryStorage
FNDA:0,setClaimTopicsRegistry
FNDA:0,setTrustedIssuersRegistry
FNDA:0,contains
FNDA:0,transferOwnershipOnIdentityRegistryContract
FNDA:0,addAgentOnIdentityRegistryContract
FNDA:0,removeAgentOnIdentityRegistryContract
DA:61,0
DA:62,0
DA:63,0
DA:64,0
DA:65,0
DA:66,0
DA:73,0
DA:80,0
DA:87,0
DA:94,0
DA:101,0
DA:112,0
DA:113,0
DA:124,0
DA:125,0
DA:133,0
DA:134,0
DA:135,0
DA:142,0
DA:143,0
DA:150,0
DA:151,0
DA:158,0
DA:159,0
DA:161,0
DA:162,0
DA:163,0
DA:165,0
DA:166,0
DA:167,0
DA:168,0
DA:169,0
DA:170,0
DA:171,0
DA:172,0
DA:173,0
DA:174,0
DA:176,0
DA:177,0
DA:179,0
DA:181,0
DA:186,0
DA:188,0
DA:189,0
DA:191,0
DA:192,0
DA:194,0
DA:195,0
DA:199,0
DA:200,0
DA:205,0
DA:212,0
DA:213,0
DA:220,0
DA:221,0
DA:228,0
DA:229,0
DA:236,0
DA:237,0
DA:239,0
DA:246,0
DA:253,0
DA:260,0
LF:63
LH:0
BRDA:158,1,0,0
BRDA:158,1,1,0
BRDA:162,2,0,0
BRDA:162,2,1,0
BRDA:173,3,0,0
BRDA:173,3,1,0
BRDA:181,4,0,0
BRDA:181,4,1,0
BRDA:188,5,0,0
BRDA:188,5,1,0
BRDA:191,6,0,0
BRDA:191,6,1,0
BRDA:194,7,0,0
BRDA:194,7,1,0
BRDA:199,8,0,0
BRDA:199,8,1,0
BRDA:236,9,0,0
BRDA:236,9,1,0
BRF:18
BRH:0
end_of_record
TN:
SF:/home/mayank/security-token-3/T-REX/contracts/registry/IdentityRegistryStorage.sol
FN:48,linkedIdentityRegistries
FN:55,storedIdentity
FN:62,storedInvestorCountry
FN:73,addIdentityToStorage
FN:84,modifyStoredIdentity
FN:95,modifyStoredInvestorCountry
FN:104,removeIdentityFromStorage
FN:113,transferOwnershipOnIdentityRegistryStorage
FN:120,bindIdentityRegistry
FN:129,unbindIdentityRegistry
FNF:10
FNH:0
FNDA:0,linkedIdentityRegistries
FNDA:0,storedIdentity
FNDA:0,storedInvestorCountry
FNDA:0,addIdentityToStorage
FNDA:0,modifyStoredIdentity
FNDA:0,modifyStoredInvestorCountry
FNDA:0,removeIdentityFromStorage
FNDA:0,transferOwnershipOnIdentityRegistryStorage
FNDA:0,bindIdentityRegistry
FNDA:0,unbindIdentityRegistry
DA:49,0
DA:56,0
DA:63,0
DA:74,0
DA:75,0
DA:76,0
DA:77,0
DA:78,0
DA:85,0
DA:86,0
DA:87,0
DA:88,0
DA:89,0
DA:96,0
DA:97,0
DA:98,0
DA:105,0
DA:106,0
DA:107,0
DA:114,0
DA:121,0
DA:122,0
DA:123,0
DA:130,0
DA:131,0
DA:132,0
DA:133,0
DA:134,0
DA:135,0
DA:136,0
DA:139,0
DA:140,0
LF:32
LH:0
BRDA:74,1,0,0
BRDA:74,1,1,0
BRDA:75,2,0,0
BRDA:75,2,1,0
BRDA:85,3,0,0
BRDA:85,3,1,0
BRDA:86,4,0,0
BRDA:86,4,1,0
BRDA:96,5,0,0
BRDA:96,5,1,0
BRDA:105,6,0,0
BRDA:105,6,1,0
BRDA:130,7,0,0
BRDA:130,7,1,0
BRDA:133,8,0,0
BRDA:133,8,1,0
BRF:16
BRH:0
end_of_record
TN:
SF:/home/mayank/security-token-3/T-REX/contracts/registry/IIdentityRegistry.sol
FNF:0
FNH:0
LF:0
LH:0
BRF:0
BRH:0
end_of_record
TN:
SF:/home/mayank/security-token-3/T-REX/contracts/registry/IIdentityRegistryStorage.sol
FNF:0
FNH:0
LF:0
LH:0
BRF:0
BRH:0
end_of_record
TN:
SF:/home/mayank/security-token-3/T-REX/contracts/registry/ITrustedIssuersRegistry.sol
FNF:0
FNH:0
LF:0
LH:0
BRF:0
BRH:0
end_of_record
TN:
SF:/home/mayank/security-token-3/T-REX/contracts/registry/TrustedIssuersRegistry.sol
FN:43,addTrustedIssuer
FN:54,removeTrustedIssuer
FN:71,updateIssuerClaimTopics
FN:81,getTrustedIssuers
FN:88,isTrustedIssuer
FN:101,getTrustedIssuerClaimTopics
FN:109,hasClaimTopic
FN:123,transferOwnershipOnIssuersRegistryContract
FNF:8
FNH:0
FNDA:0,addTrustedIssuer
FNDA:0,removeTrustedIssuer
FNDA:0,updateIssuerClaimTopics
FNDA:0,getTrustedIssuers
FNDA:0,isTrustedIssuer
FNDA:0,getTrustedIssuerClaimTopics
FNDA:0,hasClaimTopic
FNDA:0,transferOwnershipOnIssuersRegistryContract
DA:44,0
DA:45,0
DA:46,0
DA:47,0
DA:48,0
DA:55,0
DA:56,0
DA:57,0
DA:58,0
DA:59,0
DA:60,0
DA:61,0
DA:64,0
DA:65,0
DA:72,0
DA:73,0
DA:74,0
DA:75,0
DA:82,0
DA:89,0
DA:90,0
DA:91,0
DA:92,0
DA:95,0
DA:102,0
DA:103,0
DA:110,0
DA:111,0
DA:112,0
DA:113,0
DA:114,0
DA:117,0
DA:124,0
LF:33
LH:0
BRDA:44,1,0,0
BRDA:44,1,1,0
BRDA:45,2,0,0
BRDA:45,2,1,0
BRDA:55,3,0,0
BRDA:55,3,1,0
BRDA:58,4,0,0
BRDA:58,4,1,0
BRDA:72,5,0,0
BRDA:72,5,1,0
BRDA:73,6,0,0
BRDA:73,6,1,0
BRDA:91,7,0,0
BRDA:91,7,1,0
BRDA:102,8,0,0
BRDA:102,8,1,0
BRDA:113,9,0,0
BRDA:113,9,1,0
BRF:18
BRH:0
end_of_record
TN:
SF:/home/mayank/security-token-3/T-REX/contracts/roles/AgentManager.sol
FN:37,constructor
FN:49,callForcedTransfer
FN:70,callBatchForcedTransfer
FN:91,callPause
FN:104,callUnpause
FN:117,callMint
FN:137,callBatchMint
FN:157,callBurn
FN:177,callBatchBurn
FN:197,callSetAddressFrozen
FN:214,callBatchSetAddressFrozen
FN:231,callFreezePartialTokens
FN:248,callBatchFreezePartialTokens
FN:265,callUnfreezePartialTokens
FN:282,callBatchUnfreezePartialTokens
FN:299,callRecoveryAddress
FN:320,callRegisterIdentity
FN:341,callUpdateIdentity
FN:361,callUpdateCountry
FN:381,callDeleteIdentity
FNF:20
FNH:0
FNDA:0,constructor
FNDA:0,callForcedTransfer
FNDA:0,callBatchForcedTransfer
FNDA:0,callPause
FNDA:0,callUnpause
FNDA:0,callMint
FNDA:0,callBatchMint
FNDA:0,callBurn
FNDA:0,callBatchBurn
FNDA:0,callSetAddressFrozen
FNDA:0,callBatchSetAddressFrozen
FNDA:0,callFreezePartialTokens
FNDA:0,callBatchFreezePartialTokens
FNDA:0,callUnfreezePartialTokens
FNDA:0,callBatchUnfreezePartialTokens
FNDA:0,callRecoveryAddress
FNDA:0,callRegisterIdentity
FNDA:0,callUpdateIdentity
FNDA:0,callUpdateCountry
FNDA:0,callDeleteIdentity
DA:38,0
DA:55,0
DA:59,0
DA:76,0
DA:80,0
DA:92,0
DA:93,0
DA:105,0
DA:106,0
DA:122,0
DA:126,0
DA:142,0
DA:146,0
DA:162,0
DA:166,0
DA:182,0
DA:186,0
DA:202,0
DA:203,0
DA:219,0
DA:220,0
DA:236,0
DA:237,0
DA:253,0
DA:254,0
DA:270,0
DA:271,0
DA:287,0
DA:288,0
DA:305,0
DA:309,0
DA:326,0
DA:330,0
DA:346,0
DA:350,0
DA:366,0
DA:370,0
DA:382,0
DA:386,0
LF:39
LH:0
BRDA:55,1,0,0
BRDA:55,1,1,0
BRDA:76,2,0,0
BRDA:76,2,1,0
BRDA:92,3,0,0
BRDA:92,3,1,0
BRDA:105,4,0,0
BRDA:105,4,1,0
BRDA:122,5,0,0
BRDA:122,5,1,0
BRDA:142,6,0,0
BRDA:142,6,1,0
BRDA:162,7,0,0
BRDA:162,7,1,0
BRDA:182,8,0,0
BRDA:182,8,1,0
BRDA:202,9,0,0
BRDA:202,9,1,0
BRDA:219,10,0,0
BRDA:219,10,1,0
BRDA:236,11,0,0
BRDA:236,11,1,0
BRDA:253,12,0,0
BRDA:253,12,1,0
BRDA:270,13,0,0
BRDA:270,13,1,0
BRDA:287,14,0,0
BRDA:287,14,1,0
BRDA:305,15,0,0
BRDA:305,15,1,0
BRDA:326,16,0,0
BRDA:326,16,1,0
BRDA:346,17,0,0
BRDA:346,17,1,0
BRDA:366,18,0,0
BRDA:366,18,1,0
BRDA:382,19,0,0
BRDA:382,19,1,0
BRF:38
BRH:0
end_of_record
TN:
SF:/home/mayank/security-token-3/T-REX/contracts/roles/AgentRole.sol
FN:39,onlyAgent
FN:44,isAgent
FN:48,addAgent
FN:53,removeAgent
FNF:4
FNH:0
FNDA:0,onlyAgent
FNDA:0,isAgent
FNDA:0,addAgent
FNDA:0,removeAgent
DA:40,0
DA:41,0
DA:45,0
DA:49,0
DA:50,0
DA:54,0
DA:55,0
LF:7
LH:0
BRDA:40,1,0,0
BRDA:40,1,1,0
BRF:2
BRH:0
end_of_record
TN:
SF:/home/mayank/security-token-3/T-REX/contracts/roles/AgentRoles.sol
FN:45,onlyAdmin
FN:52,isAgentAdmin
FN:56,addAgentAdmin
FN:62,removeAgentAdmin
FN:70,isSupplyModifier
FN:74,addSupplyModifier
FN:80,removeSupplyModifier
FN:88,isFreezer
FN:92,addFreezer
FN:98,removeFreezer
FN:106,isTransferManager
FN:110,addTransferManager
FN:116,removeTransferManager
FN:124,isRecoveryAgent
FN:128,addRecoveryAgent
FN:134,removeRecoveryAgent
FN:142,isComplianceAgent
FN:146,addComplianceAgent
FN:152,removeComplianceAgent
FN:160,isWhiteListManager
FN:164,addWhiteListManager
FN:170,removeWhiteListManager
FNF:22
FNH:0
FNDA:0,onlyAdmin
FNDA:0,isAgentAdmin
FNDA:0,addAgentAdmin
FNDA:0,removeAgentAdmin
FNDA:0,isSupplyModifier
FNDA:0,addSupplyModifier
FNDA:0,removeSupplyModifier
FNDA:0,isFreezer
FNDA:0,addFreezer
FNDA:0,removeFreezer
FNDA:0,isTransferManager
FNDA:0,addTransferManager
FNDA:0,removeTransferManager
FNDA:0,isRecoveryAgent
FNDA:0,addRecoveryAgent
FNDA:0,removeRecoveryAgent
FNDA:0,isComplianceAgent
FNDA:0,addComplianceAgent
FNDA:0,removeComplianceAgent
FNDA:0,isWhiteListManager
FNDA:0,addWhiteListManager
FNDA:0,removeWhiteListManager
DA:46,0
DA:47,0
DA:53,0
DA:57,0
DA:58,0
DA:59,0
DA:63,0
DA:64,0
DA:65,0
DA:71,0
DA:75,0
DA:76,0
DA:77,0
DA:81,0
DA:82,0
DA:83,0
DA:89,0
DA:93,0
DA:94,0
DA:95,0
DA:99,0
DA:100,0
DA:101,0
DA:107,0
DA:111,0
DA:112,0
DA:113,0
DA:117,0
DA:118,0
DA:119,0
DA:125,0
DA:129,0
DA:130,0
DA:131,0
DA:135,0
DA:136,0
DA:137,0
DA:143,0
DA:147,0
DA:148,0
DA:149,0
DA:153,0
DA:154,0
DA:155,0
DA:161,0
DA:165,0
DA:166,0
DA:167,0
DA:171,0
DA:172,0
DA:173,0
LF:51
LH:0
BRDA:46,1,0,0
BRDA:46,1,1,0
BRF:2
BRH:0
end_of_record
TN:
SF:/home/mayank/security-token-3/T-REX/contracts/roles/AgentRolesUpgradeable.sol
FN:47,onlyAdmin
FN:54,isAgentAdmin
FN:58,addAgentAdmin
FN:64,removeAgentAdmin
FN:72,isSupplyModifier
FN:76,addSupplyModifier
FN:82,removeSupplyModifier
FN:90,isFreezer
FN:94,addFreezer
FN:100,removeFreezer
FN:108,isTransferManager
FN:112,addTransferManager
FN:118,removeTransferManager
FN:126,isRecoveryAgent
FN:130,addRecoveryAgent
FN:136,removeRecoveryAgent
FN:144,isComplianceAgent
FN:148,addComplianceAgent
FN:154,removeComplianceAgent
FN:162,isWhiteListManager
FN:166,addWhiteListManager
FN:172,removeWhiteListManager
FNF:22
FNH:0
FNDA:0,onlyAdmin
FNDA:0,isAgentAdmin
FNDA:0,addAgentAdmin
FNDA:0,removeAgentAdmin
FNDA:0,isSupplyModifier
FNDA:0,addSupplyModifier
FNDA:0,removeSupplyModifier
FNDA:0,isFreezer
FNDA:0,addFreezer
FNDA:0,removeFreezer
FNDA:0,isTransferManager
FNDA:0,addTransferManager
FNDA:0,removeTransferManager
FNDA:0,isRecoveryAgent
FNDA:0,addRecoveryAgent
FNDA:0,removeRecoveryAgent
FNDA:0,isComplianceAgent
FNDA:0,addComplianceAgent
FNDA:0,removeComplianceAgent
FNDA:0,isWhiteListManager
FNDA:0,addWhiteListManager
FNDA:0,removeWhiteListManager
DA:48,0
DA:49,0
DA:55,0
DA:59,0
DA:60,0
DA:61,0
DA:65,0
DA:66,0
DA:67,0
DA:73,0
DA:77,0
DA:78,0
DA:79,0
DA:83,0
DA:84,0
DA:85,0
DA:91,0
DA:95,0
DA:96,0
DA:97,0
DA:101,0
DA:102,0
DA:103,0
DA:109,0
DA:113,0
DA:114,0
DA:115,0
DA:119,0
DA:120,0
DA:121,0
DA:127,0
DA:131,0
DA:132,0
DA:133,0
DA:137,0
DA:138,0
DA:139,0
DA:145,0
DA:149,0
DA:150,0
DA:151,0
DA:155,0
DA:156,0
DA:157,0
DA:163,0
DA:167,0
DA:168,0
DA:169,0
DA:173,0
DA:174,0
DA:175,0
LF:51
LH:0
BRDA:48,1,0,0
BRDA:48,1,1,0
BRF:2
BRH:0
end_of_record
TN:
SF:/home/mayank/security-token-3/T-REX/contracts/roles/AgentRoleUpgradeable.sol
FN:39,onlyAgent
FN:44,isAgent
FN:48,addAgent
FN:53,removeAgent
FNF:4
FNH:0
FNDA:0,onlyAgent
FNDA:0,isAgent
FNDA:0,addAgent
FNDA:0,removeAgent
DA:40,0
DA:41,0
DA:45,0
DA:49,0
DA:50,0
DA:54,0
DA:55,0
LF:7
LH:0
BRDA:40,1,0,0
BRDA:40,1,1,0
BRF:2
BRH:0
end_of_record
TN:
SF:/home/mayank/security-token-3/T-REX/contracts/roles/OwnerManager.sol
FN:52,constructor
FN:64,callSetIdentityRegistry
FN:80,callSetCompliance
FN:95,callComplianceFunction
FN:135,selector
FN:158,callSetTokenName
FN:174,callSetTokenSymbol
FN:190,callSetTokenOnchainID
FN:206,callSetClaimTopicsRegistry
FN:222,callSetTrustedIssuersRegistry
FN:238,callAddTrustedIssuer
FN:258,callRemoveTrustedIssuer
FN:274,callUpdateIssuerClaimTopics
FN:294,callAddClaimTopic
FN:310,callRemoveClaimTopic
FN:324,callTransferOwnershipOnTokenContract
FN:334,callTransferOwnershipOnIdentityRegistryContract
FN:344,callTransferOwnershipOnComplianceContract
FN:354,callTransferOwnershipOnClaimTopicsRegistryContract
FN:364,callTransferOwnershipOnIssuersRegistryContract
FN:374,callAddAgentOnTokenContract
FN:384,callRemoveAgentOnTokenContract
FN:394,callAddAgentOnIdentityRegistryContract
FN:404,callRemoveAgentOnIdentityRegistryContract
FNF:24
FNH:0
FNDA:0,constructor
FNDA:0,callSetIdentityRegistry
FNDA:0,callSetCompliance
FNDA:0,callComplianceFunction
FNDA:0,selector
FNDA:0,callSetTokenName
FNDA:0,callSetTokenSymbol
FNDA:0,callSetTokenOnchainID
FNDA:0,callSetClaimTopicsRegistry
FNDA:0,callSetTrustedIssuersRegistry
FNDA:0,callAddTrustedIssuer
FNDA:0,callRemoveTrustedIssuer
FNDA:0,callUpdateIssuerClaimTopics
FNDA:0,callAddClaimTopic
FNDA:0,callRemoveClaimTopic
FNDA:0,callTransferOwnershipOnTokenContract
FNDA:0,callTransferOwnershipOnIdentityRegistryContract
FNDA:0,callTransferOwnershipOnComplianceContract
FNDA:0,callTransferOwnershipOnClaimTopicsRegistryContract
FNDA:0,callTransferOwnershipOnIssuersRegistryContract
FNDA:0,callAddAgentOnTokenContract
FNDA:0,callRemoveAgentOnTokenContract
FNDA:0,callAddAgentOnIdentityRegistryContract
FNDA:0,callRemoveAgentOnIdentityRegistryContract
DA:53,0
DA:65,0
DA:69,0
DA:81,0
DA:85,0
DA:96,0
DA:99,0
DA:108,0
DA:127,0
DA:136,0
DA:144,0
DA:159,0
DA:163,0
DA:175,0
DA:179,0
DA:191,0
DA:195,0
DA:207,0
DA:211,0
DA:223,0
DA:227,0
DA:243,0
DA:247,0
DA:259,0
DA:263,0
DA:279,0
DA:283,0
DA:295,0
DA:299,0
DA:311,0
DA:315,0
DA:325,0
DA:335,0
DA:345,0
DA:355,0
DA:365,0
DA:375,0
DA:385,0
DA:395,0
DA:405,0
LF:40
LH:0
BRDA:65,1,0,0
BRDA:65,1,1,0
BRDA:81,2,0,0
BRDA:81,2,1,0
BRDA:96,3,0,0
BRDA:96,3,1,0
BRDA:136,4,0,0
BRDA:136,4,1,0
BRDA:159,5,0,0
BRDA:159,5,1,0
BRDA:175,6,0,0
BRDA:175,6,1,0
BRDA:191,7,0,0
BRDA:191,7,1,0
BRDA:207,8,0,0
BRDA:207,8,1,0
BRDA:223,9,0,0
BRDA:223,9,1,0
BRDA:243,10,0,0
BRDA:243,10,1,0
BRDA:259,11,0,0
BRDA:259,11,1,0
BRDA:279,12,0,0
BRDA:279,12,1,0
BRDA:295,13,0,0
BRDA:295,13,1,0
BRDA:311,14,0,0
BRDA:311,14,1,0
BRF:28
BRH:0
end_of_record
TN:
SF:/home/mayank/security-token-3/T-REX/contracts/roles/OwnerRoles.sol
FN:45,onlyAdmin
FN:52,isOwnerAdmin
FN:56,addOwnerAdmin
FN:62,removeOwnerAdmin
FN:70,isRegistryAddressSetter
FN:74,addRegistryAddressSetter
FN:80,removeRegistryAddressSetter
FN:88,isComplianceSetter
FN:92,addComplianceSetter
FN:98,removeComplianceSetter
FN:106,isComplianceManager
FN:110,addComplianceManager
FN:116,removeComplianceManager
FN:124,isClaimRegistryManager
FN:128,addClaimRegistryManager
FN:134,removeClaimRegistryManager
FN:142,isIssuersRegistryManager
FN:146,addIssuersRegistryManager
FN:152,removeIssuersRegistryManager
FN:160,isTokenInfoManager
FN:164,addTokenInfoManager
FN:170,removeTokenInfoManager
FNF:22
FNH:0
FNDA:0,onlyAdmin
FNDA:0,isOwnerAdmin
FNDA:0,addOwnerAdmin
FNDA:0,removeOwnerAdmin
FNDA:0,isRegistryAddressSetter
FNDA:0,addRegistryAddressSetter
FNDA:0,removeRegistryAddressSetter
FNDA:0,isComplianceSetter
FNDA:0,addComplianceSetter
FNDA:0,removeComplianceSetter
FNDA:0,isComplianceManager
FNDA:0,addComplianceManager
FNDA:0,removeComplianceManager
FNDA:0,isClaimRegistryManager
FNDA:0,addClaimRegistryManager
FNDA:0,removeClaimRegistryManager
FNDA:0,isIssuersRegistryManager
FNDA:0,addIssuersRegistryManager
FNDA:0,removeIssuersRegistryManager
FNDA:0,isTokenInfoManager
FNDA:0,addTokenInfoManager
FNDA:0,removeTokenInfoManager
DA:46,0
DA:47,0
DA:53,0
DA:57,0
DA:58,0
DA:59,0
DA:63,0
DA:64,0
DA:65,0
DA:71,0
DA:75,0
DA:76,0
DA:77,0
DA:81,0
DA:82,0
DA:83,0
DA:89,0
DA:93,0
DA:94,0
DA:95,0
DA:99,0
DA:100,0
DA:101,0
DA:107,0
DA:111,0
DA:112,0
DA:113,0
DA:117,0
DA:118,0
DA:119,0
DA:125,0
DA:129,0
DA:130,0
DA:131,0
DA:135,0
DA:136,0
DA:137,0
DA:143,0
DA:147,0
DA:148,0
DA:149,0
DA:153,0
DA:154,0
DA:155,0
DA:161,0
DA:165,0
DA:166,0
DA:167,0
DA:171,0
DA:172,0
DA:173,0
LF:51
LH:0
BRDA:46,1,0,0
BRDA:46,1,1,0
BRF:2
BRH:0
end_of_record
TN:
SF:/home/mayank/security-token-3/T-REX/contracts/roles/OwnerRolesUpgradeable.sol
FN:46,onlyAdmin
FN:53,isOwnerAdmin
FN:57,addOwnerAdmin
FN:63,removeOwnerAdmin
FN:71,isRegistryAddressSetter
FN:75,addRegistryAddressSetter
FN:81,removeRegistryAddressSetter
FN:89,isComplianceSetter
FN:93,addComplianceSetter
FN:99,removeComplianceSetter
FN:107,isClaimRegistryManager
FN:111,addClaimRegistryManager
FN:117,removeClaimRegistryManager
FN:125,isIssuersRegistryManager
FN:129,addIssuersRegistryManager
FN:135,removeIssuersRegistryManager
FN:143,isTokenInfoManager
FN:147,addTokenInfoManager
FN:153,removeTokenInfoManager
FNF:19
FNH:0
FNDA:0,onlyAdmin
FNDA:0,isOwnerAdmin
FNDA:0,addOwnerAdmin
FNDA:0,removeOwnerAdmin
FNDA:0,isRegistryAddressSetter
FNDA:0,addRegistryAddressSetter
FNDA:0,removeRegistryAddressSetter
FNDA:0,isComplianceSetter
FNDA:0,addComplianceSetter
FNDA:0,removeComplianceSetter
FNDA:0,isClaimRegistryManager
FNDA:0,addClaimRegistryManager
FNDA:0,removeClaimRegistryManager
FNDA:0,isIssuersRegistryManager
FNDA:0,addIssuersRegistryManager
FNDA:0,removeIssuersRegistryManager
FNDA:0,isTokenInfoManager
FNDA:0,addTokenInfoManager
FNDA:0,removeTokenInfoManager
DA:47,0
DA:48,0
DA:54,0
DA:58,0
DA:59,0
DA:60,0
DA:64,0
DA:65,0
DA:66,0
DA:72,0
DA:76,0
DA:77,0
DA:78,0
DA:82,0
DA:83,0
DA:84,0
DA:90,0
DA:94,0
DA:95,0
DA:96,0
DA:100,0
DA:101,0
DA:102,0
DA:108,0
DA:112,0
DA:113,0
DA:114,0
DA:118,0
DA:119,0
DA:120,0
DA:126,0
DA:130,0
DA:131,0
DA:132,0
DA:136,0
DA:137,0
DA:138,0
DA:144,0
DA:148,0
DA:149,0
DA:150,0
DA:154,0
DA:155,0
DA:156,0
LF:44
LH:0
BRDA:47,1,0,0
BRDA:47,1,1,0
BRF:2
BRH:0
end_of_record
TN:
SF:/home/mayank/security-token-3/T-REX/contracts/roles/Roles.sol
FN:17,add
FN:25,remove
FN:34,has
FNF:3
FNH:0
FNDA:0,add
FNDA:0,remove
FNDA:0,has
DA:18,0
DA:19,0
DA:26,0
DA:27,0
DA:35,0
DA:36,0
LF:6
LH:0
BRDA:18,1,0,0
BRDA:18,1,1,0
BRDA:26,2,0,0
BRDA:26,2,1,0
BRDA:35,3,0,0
BRDA:35,3,1,0
BRF:6
BRH:0
end_of_record
TN:
SF:/home/mayank/security-token-3/T-REX/contracts/token/IToken.sol
FNF:0
FNH:0
LF:0
LH:0
BRF:0
BRH:0
end_of_record
TN:
SF:/home/mayank/security-token-3/T-REX/contracts/token/Storage.sol
FNF:0
FNH:0
LF:0
LH:0
BRF:0
BRH:0
end_of_record
TN:
SF:/home/mayank/security-token-3/T-REX/contracts/token/Token.sol
FN:59,init
FN:73,whenNotPaused
FN:79,whenPaused
FN:87,totalSupply
FN:94,balanceOf
FN:101,allowance
FN:108,approve
FN:116,increaseAllowance
FN:124,decreaseAllowance
FN:132,_transfer
FN:150,_mint
FN:163,_burn
FN:176,_approve
FN:191,_beforeTokenTransfer
FN:200,decimals
FN:207,name
FN:214,onchainID
FN:221,symbol
FN:228,version
FN:235,setName
FN:243,setSymbol
FN:251,setOnchainID
FN:259,paused
FN:266,isFrozen
FN:273,getFrozenTokens
FN:286,transfer
FN:300,pause
FN:308,unpause
FN:316,identityRegistry
FN:323,compliance
FN:330,batchTransfer
FN:350,transferFrom
FN:370,forcedTransfer
FN:388,batchForcedTransfer
FN:401,mint
FN:411,batchMint
FN:420,burn
FN:434,batchBurn
FN:443,setAddressFrozen
FN:452,batchSetAddressFrozen
FN:461,freezePartialTokens
FN:471,batchFreezePartialTokens
FN:480,unfreezePartialTokens
FN:489,batchUnfreezePartialTokens
FN:498,setIdentityRegistry
FN:506,setCompliance
FN:518,recoveryAddress
FN:543,transferOwnershipOnTokenContract
FN:550,addAgentOnTokenContract
FN:557,removeAgentOnTokenContract
FNF:50
FNH:0
FNDA:0,init
FNDA:0,whenNotPaused
FNDA:0,whenPaused
FNDA:0,totalSupply
FNDA:0,balanceOf
FNDA:0,allowance
FNDA:0,approve
FNDA:0,increaseAllowance
FNDA:0,decreaseAllowance
FNDA:0,_transfer
FNDA:0,_mint
FNDA:0,_burn
FNDA:0,_approve
FNDA:0,_beforeTokenTransfer
FNDA:0,decimals
FNDA:0,name
FNDA:0,onchainID
FNDA:0,symbol
FNDA:0,version
FNDA:0,setName
FNDA:0,setSymbol
FNDA:0,setOnchainID
FNDA:0,paused
FNDA:0,isFrozen
FNDA:0,getFrozenTokens
FNDA:0,transfer
FNDA:0,pause
FNDA:0,unpause
FNDA:0,identityRegistry
FNDA:0,compliance
FNDA:0,batchTransfer
FNDA:0,transferFrom
FNDA:0,forcedTransfer
FNDA:0,batchForcedTransfer
FNDA:0,mint
FNDA:0,batchMint
FNDA:0,burn
FNDA:0,batchBurn
FNDA:0,setAddressFrozen
FNDA:0,batchSetAddressFrozen
FNDA:0,freezePartialTokens
FNDA:0,batchFreezePartialTokens
FNDA:0,unfreezePartialTokens
FNDA:0,batchUnfreezePartialTokens
FNDA:0,setIdentityRegistry
FNDA:0,setCompliance
FNDA:0,recoveryAddress
FNDA:0,transferOwnershipOnTokenContract
FNDA:0,addAgentOnTokenContract
FNDA:0,removeAgentOnTokenContract
DA:60,0
DA:61,0
DA:62,0
DA:63,0
DA:64,0
DA:65,0
DA:66,0
DA:67,0
DA:68,0
DA:69,0
DA:74,0
DA:75,0
DA:80,0
DA:81,0
DA:88,0
DA:95,0
DA:102,0
DA:109,0
DA:110,0
DA:117,0
DA:118,0
DA:125,0
DA:126,0
DA:137,0
DA:138,0
DA:140,0
DA:142,0
DA:143,0
DA:144,0
DA:151,0
DA:153,0
DA:155,0
DA:156,0
DA:157,0
DA:164,0
DA:166,0
DA:168,0
DA:169,0
DA:170,0
DA:181,0
DA:182,0
DA:184,0
DA:185,0
DA:201,0
DA:208,0
DA:215,0
DA:222,0
DA:229,0
DA:236,0
DA:237,0
DA:244,0
DA:245,0
DA:252,0
DA:253,0
DA:260,0
DA:267,0
DA:274,0
DA:287,0
DA:288,0
DA:289,0
DA:290,0
DA:291,0
DA:292,0
DA:294,0
DA:301,0
DA:302,0
DA:309,0
DA:310,0
DA:317,0
DA:324,0
DA:331,0
DA:332,0
DA:351,0
DA:352,0
DA:353,0
DA:354,0
DA:355,0
DA:356,0
DA:357,0
DA:360,0
DA:371,0
DA:372,0
DA:373,0
DA:374,0
DA:375,0
DA:377,0
DA:378,0
DA:379,0
DA:380,0
DA:382,0
DA:393,0
DA:394,0
DA:402,0
DA:403,0
DA:404,0
DA:405,0
DA:412,0
DA:413,0
DA:421,0
DA:422,0
DA:423,0
DA:424,0
DA:425,0
DA:427,0
DA:428,0
DA:435,0
DA:436,0
DA:444,0
DA:446,0
DA:453,0
DA:454,0
DA:462,0
DA:463,0
DA:464,0
DA:465,0
DA:472,0
DA:473,0
DA:481,0
DA:482,0
DA:483,0
DA:490,0
DA:491,0
DA:499,0
DA:500,0
DA:507,0
DA:508,0
DA:519,0
DA:520,0
DA:521,0
DA:522,0
DA:523,0
DA:524,0
DA:525,0
DA:526,0
DA:527,0
DA:528,0
DA:529,0
DA:531,0
DA:532,0
DA:534,0
DA:535,0
DA:537,0
DA:544,0
DA:551,0
DA:558,0
LF:145
LH:0
BRDA:74,1,0,0
BRDA:74,1,1,0
BRDA:80,2,0,0
BRDA:80,2,1,0
BRDA:137,3,0,0
BRDA:137,3,1,0
BRDA:138,4,0,0
BRDA:138,4,1,0
BRDA:151,5,0,0
BRDA:151,5,1,0
BRDA:164,6,0,0
BRDA:164,6,1,0
BRDA:181,7,0,0
BRDA:181,7,1,0
BRDA:182,8,0,0
BRDA:182,8,1,0
BRDA:287,9,0,0
BRDA:287,9,1,0
BRDA:288,10,0,0
BRDA:288,10,1,0
BRDA:289,11,0,0
BRDA:289,11,1,0
BRDA:351,12,0,0
BRDA:351,12,1,0
BRDA:352,13,0,0
BRDA:352,13,1,0
BRDA:353,14,0,0
BRDA:353,14,1,0
BRDA:372,15,0,0
BRDA:372,15,1,0
BRDA:377,16,0,0
BRDA:377,16,1,0
BRDA:402,17,0,0
BRDA:402,17,1,0
BRDA:403,18,0,0
BRDA:403,18,1,0
BRDA:422,19,0,0
BRDA:422,19,1,0
BRDA:463,20,0,0
BRDA:463,20,1,0
BRDA:481,21,0,0
BRDA:481,21,1,0
BRDA:519,22,0,0
BRDA:519,22,1,0
BRDA:522,23,0,0
BRDA:522,23,1,0
BRDA:528,24,0,0
BRDA:528,24,1,0
BRDA:531,25,0,0
BRDA:531,25,1,0
BRF:50
BRH:0
end_of_record
